Log file open, 04/01/15 13:23:37
LogInit:Display: Running engine for game: Duty_Bound
LogInit: Version: 4.7.3-2479750+++depot+UE4-Releases+4.7
LogInit: API Version: 2455222
LogInit: Compiled (64-bit): Mar 15 2015 23:20:45
LogInit: Compiled with Visual C++: 18.00.21005.01
LogInit: Build Configuration: Development
LogInit: Branch Name: ++depot+UE4-Releases+4.7
LogInit: Command line: 
LogInit: Base directory: C:/Program Files/Unreal Engine/4.7/Engine/Binaries/Win64/
LogInit: Rocket: 1
[2015.04.01-19.23.37:982][  0]LogTaskGraph: Started task graph with 3 named threads and 6 total threads.
[2015.04.01-19.23.38:034][  0]LogOnline:Warning: No default platform service specified for OnlineSubsystem
[2015.04.01-19.23.38:048][  0]LogInit: Presizing for 0 objects not considered by GC, pre-allocating 0 bytes.
[2015.04.01-19.23.38:058][  0]LogInit: Object subsystem initialized
[2015.04.01-19.23.38:060][  0]LogConsoleResponse:Warning: Skipping Unknown console variable: 'TranslucentSortAxis = (X=0.000000,Y=-1.000000,Z=0.000000)'
[2015.04.01-19.23.38:060][  0]LogConsoleResponse:Warning:   Found in ini file 'C:/Users/u0460100/Desktop/Duty_Bound/Saved/Config/Windows/Engine.ini', in section '[/Script/Engine.RendererSettings]'
[2015.04.01-19.23.38:060][  0]LogConsoleResponse:Warning: Skipping Unknown console variable: 'UIScaleRule = ShortestSide'
[2015.04.01-19.23.38:060][  0]LogConsoleResponse:Warning:   Found in ini file 'C:/Users/u0460100/Desktop/Duty_Bound/Saved/Config/Windows/Engine.ini', in section '[/Script/Engine.RendererSettings]'
[2015.04.01-19.23.38:060][  0]LogConsoleResponse:Warning: Skipping Unknown console variable: 'UIScaleCurve = (EditorCurveData=(Keys=),ExternalCurve=None)'
[2015.04.01-19.23.38:060][  0]LogConsoleResponse:Warning:   Found in ini file 'C:/Users/u0460100/Desktop/Duty_Bound/Saved/Config/Windows/Engine.ini', in section '[/Script/Engine.RendererSettings]'
[2015.04.01-19.23.38:060][  0]LogInit: Selected Device Profile: [Windows]
[2015.04.01-19.23.38:060][  0]LogInit: Applying CVar settings loaded from the selected device profile: [Windows]
[2015.04.01-19.23.38:066][  0]LogInit: Computer: TCPC-43
[2015.04.01-19.23.38:066][  0]LogInit: User: u0460100
[2015.04.01-19.23.38:066][  0]LogInit: CPU Page size=4096, Cores=4
[2015.04.01-19.23.38:066][  0]LogInit: High frequency timer resolution =3.906367 MHz
[2015.04.01-19.23.38:066][  0]LogMemory: Memory total: Physical=8.0GB (8GB approx) Virtual=8192.0GB
[2015.04.01-19.23.38:066][  0]LogMemory: Platform Memory Stats for Windows
[2015.04.01-19.23.38:066][  0]LogMemory: Process Physical Memory: 47.93 MB used, 47.93 MB peak
[2015.04.01-19.23.38:066][  0]LogMemory: Process Virtual Memory: 24.39 MB used, 24.40 MB peak
[2015.04.01-19.23.38:066][  0]LogMemory: Physical Memory: 2921.12 MB used, 8173.54 MB total
[2015.04.01-19.23.38:066][  0]LogMemory: Virtual Memory: 276.14 MB used, 8388608.00 MB total
[2015.04.01-19.23.38:098][  0]LogD3D11RHI: Found D3D11 adapter 0: NVIDIA GeForce GT 630 (Feature Level 11_0)
[2015.04.01-19.23.38:098][  0]LogD3D11RHI: Adapter has 978MB of dedicated video memory, 0MB of dedicated system memory, and 3071MB of shared system memory, 1 output[s]
[2015.04.01-19.23.38:098][  0]LogD3D11RHI: Chosen D3D11 Adapter Id = 0
[2015.04.01-19.23.38:104][  0]LogRHI: Texture pool is 684 MB (70% of 978 MB)
[2015.04.01-19.23.38:113][  0]LogD3D11RHI: Async texture creation enabled
[2015.04.01-19.23.38:170][  0]LogTextLocalizationManager: The requested culture ('en_US') has no localization data; parent culture's ('en') localization data will be used.
[2015.04.01-19.23.38:234][  0]LogTextLocalizationManager:Warning: Loading localization resources contain conflicting entries for (Namespace:UICommands, Key:Save_ToolTip):
Resource: (C:/Program Files/Unreal Engine/4.7/Engine/Content/Localization/Editor/en/Editor.locres) Hash: (-29098895) String: (Saves the current level to disk)
Resource: (C:/Program Files/Unreal Engine/4.7/Engine/Content/Localization/Engine/en/Engine.locres) Hash: (-1280300587) String: (Save selected data to vlog file)
[2015.04.01-19.23.38:234][  0]LogTextLocalizationManager:Warning: Loading localization resources contain conflicting entries for (Namespace:ContentBrowser, Key:ImportAssetToolTip):
Resource: (C:/Program Files/Unreal Engine/4.7/Engine/Content/Localization/Editor/en/Editor.locres) Hash: (-630476809) String: (Import to {0}...)
Resource: (C:/Program Files/Unreal Engine/4.7/Engine/Content/Localization/Editor/en/Editor.locres) Hash: (1271782899) String: (Imports an asset from file to this folder.)
[2015.04.01-19.23.38:319][  0]LogContentStreaming: Texture pool size is 0.000000MB
[2015.04.01-19.23.40:544][  0]LogTargetPlatformManager:Display: Building Assets For Windows
[2015.04.01-19.23.41:085][  0]LogTargetPlatformManager:Display: Building Assets For Windows
[2015.04.01-19.23.41:149][  0]LogDerivedDataCache:Display: Max Cache Size: 512 MB
[2015.04.01-19.23.41:212][  0]LogDerivedDataCache: Loaded boot cache 0.06s 39MB C:/Users/u0460100/AppData/Local/UnrealEngine/4.7/DerivedDataCache/Boot.ddc.
[2015.04.01-19.23.41:212][  0]LogDerivedDataCache:Display: Loaded Boot cache: C:/Users/u0460100/AppData/Local/UnrealEngine/4.7/DerivedDataCache/Boot.ddc
[2015.04.01-19.23.41:212][  0]LogDerivedDataCache: FDerivedDataBackendGraph:  Pak pak cache file ../../../../../../Users/u0460100/Desktop/Duty_Bound/DerivedDataCache/DDC.ddp not found, will not use a pak cache.
[2015.04.01-19.23.41:212][  0]LogDerivedDataCache: Unable to find inner node Pak for hierarchical cache Hierarchy.
[2015.04.01-19.23.41:328][  0]LogDerivedDataCache:Display: Pak cache opened for reading ../../../Engine/DerivedDataCache/Compressed.ddp.
[2015.04.01-19.23.41:339][  0]LogDerivedDataCache: Using Local data cache path C:/Users/u0460100/AppData/Local/UnrealEngine/Common/DerivedDataCache: Writable
[2015.04.01-19.23.41:676][  0]LogMeshUtilities: No automatic mesh reduction module available
[2015.04.01-19.23.41:676][  0]LogMeshUtilities: No automatic mesh merging module available
[2015.04.01-19.23.42:075][  0]LogInit: WinSock: version 1.1 (2.2), MaxSocks=32767, MaxUdp=65467
[2015.04.01-19.23.42:158][  0]LogSlate:Warning: Failed to load font data from '../../../Engine/Content/Slate/Fonts/Roboto-Italic.ttf'
[2015.04.01-19.23.42:990][  0]UdpMessaging: Initializing bridge on interface 0.0.0.0:0 to multicast group 230.0.0.1:6666.
[2015.04.01-19.23.43:194][  0]SourceControl: Info Source control is disabled
[2015.04.01-19.23.43:194][  0]SourceControl: Info Source control is disabled
[2015.04.01-19.23.43:194][  0]SourceControl: Info Source control is disabled
[2015.04.01-19.23.43:194][  0]LogSourceControl: RunCommandInternalRaw: 'git version'
[2015.04.01-19.23.43:194][  0]LogSourceControl: RunCommandInternalRaw: ExecProcess ReturnCode=2 OutResults=''
[2015.04.01-19.23.43:204][  0]SourceControl: Info Source control is disabled
[2015.04.01-19.23.43:394][  0]LogObj: 24231 objects as part of root set at end of initial load.
[2015.04.01-19.23.43:394][  0]LogUObjectAllocator: 5136440 out of 0 bytes used by permanent object pool.
[2015.04.01-19.23.43:481][  0]LogEngine: Initializing Engine...
[2015.04.01-19.23.46:644][  0]LogInit: XAudio2 using 'Digital Audio (S/PDIF) (4- High Definition Audio Device)' : 2 channels at 44.1 kHz using 16 bits per sample (channel mask 0x3)
[2015.04.01-19.23.46:674][  0]LogInit: FAudioDevice initialized.
[2015.04.01-19.23.46:714][  0]LogAIModule: Creating AISystem for world NewWorld
[2015.04.01-19.23.46:746][  0]LogDerivedDataCache: Saved boot cache 0.03s 39MB C:/Users/u0460100/AppData/Local/UnrealEngine/4.7/DerivedDataCache/Boot.ddc.
[2015.04.01-19.23.46:756][  0]LogInit: Texture streaming: Enabled
[2015.04.01-19.23.46:849][  0]LogAnalytics: Creating configured Analytics provider AnalyticsET
[2015.04.01-19.23.46:849][  0]LogAnalytics: ET APIKey = Rocket.Release. APIServer = http://et2.epicgames.com/ET2/. AppVersion = 4.7.3-2479750+++depot+UE4-Releases+4.7
[2015.04.01-19.23.46:849][  0]LogAnalytics: ET APIKey = Rocket.Release. DataRouterUploadURL = https://datarouter-public-service-gamedev.ol.epicgames.net/datarouter/api/v1/public/data. AppVersion = 4.7.3-2479750+++depot+UE4-Releases+4.7
[2015.04.01-19.23.46:849][  0]LogAnalytics: SetUserId febee0bf46dadaf1ad5e97877101b06c|0dd931e3ddc7435598bf718641c1d7d3|4e36f673-25ed-4d20-b592-0a3012a498f0
[2015.04.01-19.23.46:849][  0]LogAnalytics: AnalyticsET::StartSession [Rocket.Release]
[2015.04.01-19.23.46:872][  0]LogInit: Transaction tracking system initialized
[2015.04.01-19.23.47:045][  0]BlueprintLog: New page: Editor Load
[2015.04.01-19.23.47:080][  0]LogAssetRegistry: FAssetRegistry took 0.0102 seconds to start up
[2015.04.01-19.23.47:080][  0]LogDirectoryWatcher:Warning: Failed to begin reading directory changes for ../../../Engine/Plugins/Experimental/CharacterAI/Content/. Error: 0
[2015.04.01-19.23.47:656][  0]LogTargetPlatformManager:Display: Building Assets For Windows
[2015.04.01-19.23.48:041][  0]LogTargetPlatformManager:Display: Building Assets For Windows
[2015.04.01-19.23.48:304][  0]LogSlate:Warning: Failed to load font data from '../../../Engine/Content/Editor/Slate/Fonts/Roboto-Regular.ttf'
[2015.04.01-19.23.48:305][  0]LogSlate:Warning: Failed to load font data from '../../../Engine/Content/Editor/Slate/Fonts/Roboto-Bold.ttf'
[2015.04.01-19.23.48:309][  0]LogConsoleResponse:Display: 
[2015.04.01-19.23.48:462][  0]LogCook:Display: Done creating registry. It took  0.00s.
[2015.04.01-19.23.48:617][  0]SourceControl: Info Source control is disabled
[2015.04.01-19.23.48:617][  0]Cmd: MAP LOAD FILE="../../../../../../Users/u0460100/Desktop/Duty_Bound/Content/StarterContent/Maps/Minimal_Default.umap" TEMPLATE=0 SHOWPROGRESS=1 FEATURELEVEL=3
[2015.04.01-19.23.48:617][  0]LightingResults: New page: Lighting Build
[2015.04.01-19.23.48:630][  0]MapCheck: New page: Map Check
[2015.04.01-19.23.48:630][  0]LightingResults: New page: Lighting Build
[2015.04.01-19.23.48:641][  0]LogParticles: Destroying 0 GPU particle simulations for FXSystem 0x0000000003E8CE00
[2015.04.01-19.23.49:055][  0]LogTexture:Display: Building textures: SpaceBoxST_Lerendo (BGRA8)
[2015.04.01-19.23.51:546][  0]LogMaterial: Missing cached shader map for material Mat_ST_Lerendo, compiling. 
[2015.04.01-19.23.51:570][  0]LogEditorServer: Finished looking for orphan Actors (0.000 secs)
[2015.04.01-19.23.51:570][  0]LogAIModule: Creating AISystem for world Minimal_Default
[2015.04.01-19.23.51:572][  0]Cmd: MAP CHECKDEP
[2015.04.01-19.23.51:572][  0]MapCheck: New page: Minimal_Default - Apr 1, 2015, 7:23:51 AM
[2015.04.01-19.23.51:703][  0]MapCheck: Info Map check complete: 0 Error(s), 0 Warning(s), took 131.611ms to complete.
[2015.04.01-19.23.51:704][  0]LogFileHelpers: Loading map 'Minimal_Default' took 3.087
[2015.04.01-19.23.51:905][  0]LogCollectionManager: Loaded 0 collections in 0.001911 seconds
[2015.04.01-19.23.51:922][  0]LogContentBrowser: Native class hierarchy populated in 0.0159 seconds. Added 1696 classes and 261 folders.
[2015.04.01-19.23.52:027][  0]LogContentBrowser: Native class hierarchy updated for 'SceneOutliner' in 0.0024 seconds. Added 1 classes and 2 folders.
[2015.04.01-19.23.52:088][  0]LogCrashTracker: Crashtracker disabled due to settings.
[2015.04.01-19.23.52:095][  0]LogSlate:Warning: Failed to load font data from 'Veranda'
[2015.04.01-19.23.52:135][  0]LogLoad: Full Startup: 15.96 seconds (BP compile: 0.00 seconds)
[2015.04.01-19.23.52:168][  0]LogContentBrowser:Verbose: The content browser source was changed by the sources view to '/Game/SpaceBox_Color/Materials/ST'
[2015.04.01-19.23.52:343][  0]LogRenderer:Warning: Reallocating scene render targets to support 32x32 (Frame:2).
[2015.04.01-19.23.52:521][  0]LogRenderer:Warning: Reallocating scene render targets to support 1160x928 (Frame:4).
[2015.04.01-19.23.53:092][  6]LogAssetRegistry: Asset discovery search completed in 6.0225 seconds
[2015.04.01-19.24.07:380][325]Cmd: MAP LOAD FILE="../../../../../../Users/u0460100/Desktop/Duty_Bound/Content/Maps/Space_Scene.umap" TEMPLATE=0 SHOWPROGRESS=1 FEATURELEVEL=3
[2015.04.01-19.24.07:419][325]LightingResults: New page: Lighting Build
[2015.04.01-19.24.07:467][325]LoadErrors: New page: Loading map: Space_Scene.umap
[2015.04.01-19.24.07:468][325]MapCheck: New page: Map Check
[2015.04.01-19.24.07:468][325]LightingResults: New page: Lighting Build
[2015.04.01-19.24.07:478][325]LogParticles: Destroying 0 GPU particle simulations for FXSystem 0x000000000DF92DE0
[2015.04.01-19.24.07:503][325]LogEditorServer: Finished looking for orphan Actors (0.000 secs)
[2015.04.01-19.24.07:504][325]LogAIModule: Creating AISystem for world Space_Scene
[2015.04.01-19.24.07:539][325]Cmd: MAP CHECKDEP
[2015.04.01-19.24.07:539][325]MapCheck: New page: Space_Scene - Apr 1, 2015, 7:24:07 AM
[2015.04.01-19.24.07:612][325]MapCheck: Info Map check complete: 0 Error(s), 0 Warning(s), took 72.831ms to complete.
[2015.04.01-19.24.07:612][325]LogFileHelpers: Loading map 'Space_Scene' took 0.233
[2015.04.01-19.27.04:517][606]LogMaterial: Missing cached shader map for material Mat_ST_Echvora, compiling. 
[2015.04.01-19.27.11:058][710]LogTexture:Display: Building textures: SpaceBoxST_Kaldar (BGRA8)
[2015.04.01-19.27.13:642][710]LogMaterial: Missing cached shader map for material Mat_ST_Kaldar, compiling. 
[2015.04.01-19.27.18:418][774]LogTexture:Display: Building textures: SpaceBoxST_Angitor (BGRA8)
[2015.04.01-19.27.21:080][774]LogMaterial: Missing cached shader map for material Mat_ST_Angitor, compiling. 
[2015.04.01-19.27.32:798][942]LogTexture:Display: Building textures: SpaceBoxST_Nysech (BGRA8)
[2015.04.01-19.27.35:503][942]LogMaterial: Missing cached shader map for material Mat_ST_Nysech, compiling. 
[2015.04.01-19.28.10:640][559]LogContentBrowser:Verbose: The content browser source was changed by the sources view to '/Game/Maps'
[2015.04.01-19.28.17:365][644]Cmd: OBJ SAVEPACKAGE PACKAGE="/Game/Maps/Space_Scene" FILE="../../../../../../Users/u0460100/Desktop/Duty_Bound/Content/Maps/Space_Scene.umap" SILENT=true AUTOSAVING=false KEEPDIRTY=false
[2015.04.01-19.28.17:437][644]LogSavePackage: Save=49.165630ms
[2015.04.01-19.28.17:437][644]LogSavePackage: Moving '../../../../../../Users/u0460100/Desktop/Duty_Bound/Saved/Space_Scene73CFAC144DF7D0957FCD50928E571425.tmp' to '../../../../../../Users/u0460100/Desktop/Duty_Bound/Content/Maps/Space_Scene.umap'
[2015.04.01-19.28.17:467][644]LogFileHelpers: Saving map 'Space_Scene' took 0.179
[2015.04.01-19.28.17:469][644]Cmd: MAP LOAD FILE="../../../../../../Users/u0460100/Desktop/Duty_Bound/Content/Maps/Cargo_Scene.umap" TEMPLATE=0 SHOWPROGRESS=1 FEATURELEVEL=3
[2015.04.01-19.28.17:470][644]LightingResults: New page: Lighting Build
[2015.04.01-19.28.17:498][644]LoadErrors: New page: Loading map: Cargo_Scene.umap
[2015.04.01-19.28.17:498][644]MapCheck: New page: Map Check
[2015.04.01-19.28.17:499][644]LightingResults: New page: Lighting Build
[2015.04.01-19.28.17:509][644]LogParticles: Destroying 0 GPU particle simulations for FXSystem 0x000000001BF00360
[2015.04.01-19.28.17:513][644]LogEditorServer: Finished looking for orphan Actors (0.000 secs)
[2015.04.01-19.28.17:514][644]LogAIModule: Creating AISystem for world Cargo_Scene
[2015.04.01-19.28.17:541][644]Cmd: MAP CHECKDEP
[2015.04.01-19.28.17:541][644]MapCheck: New page: Cargo_Scene - Apr 1, 2015, 7:28:17 AM
[2015.04.01-19.28.17:618][644]MapCheck: Info Map check complete: 0 Error(s), 0 Warning(s), took 76.306ms to complete.
[2015.04.01-19.28.17:618][644]LogFileHelpers: Loading map 'Cargo_Scene' took 0.150
[2015.04.01-19.30.00:122][677]LogEditorViewport: Clicking on Actor (LMB): StaticMeshActor (SpaceBoxST)
[2015.04.01-20.11.31:263][233]LogUProjectInfo: Found projects:
[2015.04.01-20.11.33:673][278]Cmd: CLOSE_SLATE_MAINFRAME
[2015.04.01-20.11.34:171][279]Cmd: QUIT_EDITOR
[2015.04.01-20.11.34:398][279]LogExit: Preparing to exit.
[2015.04.01-20.11.35:108][279]LogExit: Editor shut down
[2015.04.01-20.11.35:122][279]LogExit: Transaction tracking system shut down
[2015.04.01-20.11.35:122][279]LogParticles: Destroying 0 GPU particle simulations for FXSystem 0x000000001C456E80
[2015.04.01-20.11.35:122][279]LogParticles: Destroying 0 GPU particle simulations for FXSystem 0x000000001C247B00
[2015.04.01-20.11.35:122][279]LogParticles: Destroying 0 GPU particle simulations for FXSystem 0x000000001C247880
[2015.04.01-20.11.35:179][279]LogParticles: Destroying 0 GPU particle simulations for FXSystem 0x000000001BF784A0
[2015.04.01-20.11.35:229][279]LogExit: Object subsystem successfully closed.
[2015.04.01-20.11.35:277][279]LogModuleManager: Shutting down and abandoning module CrashTracker (177)
[2015.04.01-20.11.35:277][279]LogModuleManager: Shutting down and abandoning module SuperSearch (176)
[2015.04.01-20.11.35:277][279]LogModuleManager: Shutting down and abandoning module SceneOutliner (175)
[2015.04.01-20.11.35:277][279]LogModuleManager: Shutting down and abandoning module EditorWidgets (174)
[2015.04.01-20.11.35:277][279]LogModuleManager: Shutting down and abandoning module CollectionManager (173)
[2015.04.01-20.11.35:277][279]LogModuleManager: Shutting down and abandoning module StatsViewer (172)
[2015.04.01-20.11.35:277][279]LogModuleManager: Shutting down and abandoning module FoliageEdit (171)
[2015.04.01-20.11.35:277][279]LogModuleManager: Shutting down and abandoning module LandscapeEditor (170)
[2015.04.01-20.11.35:278][279]LogModuleManager: Shutting down and abandoning module MeshPaint (169)
[2015.04.01-20.11.35:278][279]LogModuleManager: Shutting down and abandoning module ActorPickerMode (168)
[2015.04.01-20.11.35:278][279]LogModuleManager: Shutting down and abandoning module GeometryMode (167)
[2015.04.01-20.11.35:278][279]LogModuleManager: Shutting down and abandoning module TextureAlignMode (166)
[2015.04.01-20.11.35:278][279]LogModuleManager: Shutting down and abandoning module BspMode (165)
[2015.04.01-20.11.35:278][279]LogModuleManager: Shutting down and abandoning module PlacementMode (164)
[2015.04.01-20.11.35:278][279]LogModuleManager: Shutting down and abandoning module AutomationWorker (163)
[2015.04.01-20.11.35:278][279]LogModuleManager: Shutting down and abandoning module CharacterAI (162)
[2015.04.01-20.11.35:278][279]LogModuleManager: Shutting down and abandoning module SmartSnapping (161)
[2015.04.01-20.11.35:278][279]LogModuleManager: Shutting down and abandoning module ViewportSnapping (160)
[2015.04.01-20.11.35:278][279]LogModuleManager: Shutting down and abandoning module LogVisualizer (159)
[2015.04.01-20.11.35:278][279]LogModuleManager: Shutting down and abandoning module GameProjectGeneration (158)
[2015.04.01-20.11.35:278][279]LogModuleManager: Shutting down and abandoning module IntroTutorials (157)
[2015.04.01-20.11.35:278][279]LogModuleManager: Shutting down and abandoning module EditorLiveStreaming (156)
[2015.04.01-20.11.35:278][279]LogModuleManager: Shutting down and abandoning module HardwareTargeting (155)
[2015.04.01-20.11.35:278][279]LogModuleManager: Shutting down and abandoning module DeviceProfileEditor (154)
[2015.04.01-20.11.35:278][279]LogModuleManager: Shutting down and abandoning module UndoHistory (153)
[2015.04.01-20.11.35:278][279]LogModuleManager: Shutting down and abandoning module GameplayTagsEditor (152)
[2015.04.01-20.11.35:278][279]LogModuleManager: Shutting down and abandoning module UserFeedback (151)
[2015.04.01-20.11.35:278][279]LogModuleManager: Shutting down and abandoning module XmlParser (150)
[2015.04.01-20.11.35:278][279]LogModuleManager: Shutting down and abandoning module Blutility (149)
[2015.04.01-20.11.35:278][279]LogModuleManager: Shutting down and abandoning module IOSPlatformEditor (148)
[2015.04.01-20.11.35:278][279]LogModuleManager: Shutting down and abandoning module IOSRuntimeSettings (147)
[2015.04.01-20.11.35:278][279]LogModuleManager: Shutting down and abandoning module AndroidDeviceDetection (146)
[2015.04.01-20.11.36:128][279]LogModuleManager: Shutting down and abandoning module AndroidPlatformEditor (145)
[2015.04.01-20.11.36:128][279]LogModuleManager: Shutting down and abandoning module AndroidRuntimeSettings (144)
[2015.04.01-20.11.36:128][279]LogModuleManager: Shutting down and abandoning module ProjectTargetPlatformEditor (143)
[2015.04.01-20.11.36:128][279]LogModuleManager: Shutting down and abandoning module ProjectSettingsViewer (142)
[2015.04.01-20.11.36:128][279]LogModuleManager: Shutting down and abandoning module InputBindingEditor (141)
[2015.04.01-20.11.36:128][279]LogModuleManager: Shutting down and abandoning module EditorSettingsViewer (140)
[2015.04.01-20.11.36:128][279]LogModuleManager: Shutting down and abandoning module SettingsEditor (139)
[2015.04.01-20.11.36:128][279]LogModuleManager: Shutting down and abandoning module ProjectLauncher (138)
[2015.04.01-20.11.36:128][279]LogModuleManager: Shutting down and abandoning module SessionFrontend (137)
[2015.04.01-20.11.36:128][279]LogModuleManager: Shutting down and abandoning module ProfilerClient (136)
[2015.04.01-20.11.36:128][279]LogModuleManager: Shutting down and abandoning module TargetDeviceServices (135)
[2015.04.01-20.11.36:128][279]LogModuleManager: Shutting down and abandoning module DeviceManager (134)
[2015.04.01-20.11.36:128][279]LogModuleManager: Shutting down and abandoning module AutomationController (133)
[2015.04.01-20.11.36:128][279]LogModuleManager: Shutting down and abandoning module AutomationWindow (132)
[2015.04.01-20.11.36:128][279]LogModuleManager: Shutting down and abandoning module Layers (131)
[2015.04.01-20.11.36:129][279]LogModuleManager: Shutting down and abandoning module ComponentVisualizers (130)
[2015.04.01-20.11.36:129][279]LogModuleManager: Shutting down and abandoning module DetailCustomizations (129)
[2015.04.01-20.11.36:129][279]LogModuleManager: Shutting down and abandoning module PackagesDialog (128)
[2015.04.01-20.11.36:129][279]LogModuleManager: Shutting down and abandoning module AssetRegistry (127)
[2015.04.01-20.11.36:191][279]LogModuleManager: Shutting down and abandoning module Persona (126)
[2015.04.01-20.11.36:191][279]LogModuleManager: Shutting down and abandoning module SlateReflector (125)
[2015.04.01-20.11.36:191][279]LogModuleManager: Shutting down and abandoning module LevelEditor (124)
[2015.04.01-20.11.36:192][279]LogModuleManager: Shutting down and abandoning module Kismet (123)
[2015.04.01-20.11.36:192][279]LogModuleManager: Shutting down and abandoning module GraphEditor (122)
[2015.04.01-20.11.36:192][279]LogModuleManager: Shutting down and abandoning module ClassViewer (121)
[2015.04.01-20.11.36:192][279]LogModuleManager: Shutting down and abandoning module Toolbox (120)
[2015.04.01-20.11.36:192][279]LogModuleManager: Shutting down and abandoning module ModuleUI (119)
[2015.04.01-20.11.36:192][279]LogModuleManager: Shutting down and abandoning module MovieSceneTools (118)
[2015.04.01-20.11.36:192][279]LogModuleManager: Shutting down and abandoning module OutputLog (117)
[2015.04.01-20.11.36:192][279]LogModuleManager: Shutting down and abandoning module GammaUI (116)
[2015.04.01-20.11.36:192][279]LogModuleManager: Shutting down and abandoning module Documentation (115)
[2015.04.01-20.11.36:192][279]LogModuleManager: Shutting down and abandoning module GameLiveStreaming (114)
[2015.04.01-20.11.36:193][279]LogModuleManager: Shutting down and abandoning module StreamingPauseRendering (113)
[2015.04.01-20.11.36:193][279]LogModuleManager: Shutting down and abandoning module HTTP (112)
[2015.04.01-20.11.36:193][279]LogModuleManager: Shutting down and abandoning module AnalyticsET (111)
[2015.04.01-20.11.36:193][279]LogModuleManager: Shutting down and abandoning module Analytics (110)
[2015.04.01-20.11.36:193][279]LogModuleManager: Shutting down and abandoning module AITestSuite (109)
[2015.04.01-20.11.36:193][279]LogModuleManager: Shutting down and abandoning module GameplayDebugger (108)
[2015.04.01-20.11.36:193][279]LogModuleManager: Shutting down and abandoning module AIModule (107)
[2015.04.01-20.11.36:193][279]LogModuleManager: Shutting down and abandoning module ProfilerService (106)
[2015.04.01-20.11.36:440][279]LogModuleManager: Shutting down and abandoning module TaskGraph (105)
[2015.04.01-20.11.36:440][279]LogModuleManager: Shutting down and abandoning module SlateRemote (104)
[2015.04.01-20.11.36:440][279]LogModuleManager: Shutting down and abandoning module ScriptEditorPlugin (103)
[2015.04.01-20.11.36:440][279]LogModuleManager: Shutting down and abandoning module CustomMeshComponent (102)
[2015.04.01-20.11.36:440][279]LogModuleManager: Shutting down and abandoning module CableComponent (101)
[2015.04.01-20.11.36:440][279]LogModuleManager: Shutting down and abandoning module MessagingDebugger (100)
[2015.04.01-20.11.36:440][279]LogModuleManager: Shutting down and abandoning module MediaPlayerEditor (99)
[2015.04.01-20.11.36:440][279]LogModuleManager: Shutting down and abandoning module SpeedTreeImporter (98)
[2015.04.01-20.11.36:440][279]LogModuleManager: Shutting down and abandoning module PluginsEditor (97)
[2015.04.01-20.11.36:440][279]LogModuleManager: Shutting down and abandoning module MainFrame (96)
[2015.04.01-20.11.36:440][279]LogModuleManager: Shutting down and abandoning module EpicSurvey (95)
[2015.04.01-20.11.36:440][279]LogModuleManager: Shutting down and abandoning module DesktopPlatform (94)
[2015.04.01-20.11.36:440][279]LogModuleManager: Shutting down and abandoning module DirectoryWatcher (93)
[2015.04.01-20.11.36:440][279]LogModuleManager: Shutting down and abandoning module HotReload (92)
[2015.04.01-20.11.36:440][279]LogModuleManager: Shutting down and abandoning module VisualStudioSourceCodeAccess (91)
[2015.04.01-20.11.36:440][279]LogModuleManager: Shutting down and abandoning module UObjectPlugin (90)
[2015.04.01-20.11.36:441][279]LogModuleManager: Shutting down and abandoning module SubversionSourceControl (89)
[2015.04.01-20.11.36:441][279]LogModuleManager: Shutting down and abandoning module PerforceSourceControl (88)
[2015.04.01-20.11.36:441][279]LogModuleManager: Shutting down and abandoning module SourceControl (87)
[2015.04.01-20.11.36:441][279]LogModuleManager: Shutting down and abandoning module GitSourceControl (86)
[2015.04.01-20.11.36:441][279]LogModuleManager: Shutting down and abandoning module BlankPlugin (85)
[2015.04.01-20.11.36:441][279]LogModuleManager: Shutting down and abandoning module PaperTiledImporter (84)
[2015.04.01-20.11.36:441][279]LogModuleManager: Shutting down and abandoning module PaperJsonImporter (83)
[2015.04.01-20.11.36:441][279]LogModuleManager: Shutting down and abandoning module ContentBrowser (82)
[2015.04.01-20.11.36:441][279]LogModuleManager: Shutting down and abandoning module Paper2DEditor (81)
[2015.04.01-20.11.36:441][279]LogModuleManager: Shutting down and abandoning module ScriptPlugin (80)
[2015.04.01-20.11.36:441][279]LogModuleManager: Shutting down and abandoning module UdpMessaging (79)
[2015.04.01-20.11.36:541][279]LogModuleManager: Shutting down and abandoning module Paper2D (78)
[2015.04.01-20.11.36:541][279]LogModuleManager: Shutting down and abandoning module WindowsMoviePlayer (77)
[2015.04.01-20.11.36:543][279]LogModuleManager: Shutting down and abandoning module Media (76)
[2015.04.01-20.11.36:543][279]LogModuleManager: Shutting down and abandoning module WmfMedia (75)
[2015.04.01-20.11.36:543][279]LogModuleManager: Shutting down and abandoning module OnlineBlueprintSupport (74)
[2015.04.01-20.11.36:543][279]LogModuleManager: Shutting down and abandoning module PropertyEditor (73)
[2015.04.01-20.11.36:544][279]LogModuleManager: Shutting down and abandoning module BehaviorTreeEditor (72)
[2015.04.01-20.11.36:544][279]LogModuleManager: Shutting down and abandoning module FunctionalTesting (71)
[2015.04.01-20.11.36:544][279]LogModuleManager: Shutting down and abandoning module CollisionAnalyzer (70)
[2015.04.01-20.11.36:544][279]LogModuleManager: Shutting down and abandoning module WorkspaceMenuStructure (69)
[2015.04.01-20.11.36:544][279]LogModuleManager: Shutting down and abandoning module MessageLog (68)
[2015.04.01-20.11.36:544][279]LogModuleManager: Shutting down and abandoning module Sequencer (67)
[2015.04.01-20.11.36:544][279]LogModuleManager: Shutting down and abandoning module AssetTools (66)
[2015.04.01-20.11.36:544][279]LogModuleManager: Shutting down and abandoning module UMGEditor (65)
[2015.04.01-20.11.36:544][279]LogModuleManager: Shutting down and abandoning module UMG (64)
[2015.04.01-20.11.36:544][279]LogModuleManager: Shutting down and abandoning module Slate (63)
[2015.04.01-20.11.36:544][279]LogModuleManager: Shutting down and abandoning module EditorStyle (62)
[2015.04.01-20.11.36:548][279]LogModuleManager: Shutting down and abandoning module SessionServices (61)
[2015.04.01-20.11.36:548][279]LogModuleManager: Shutting down and abandoning module SourceCodeAccess (60)
[2015.04.01-20.11.36:548][279]LogModuleManager: Shutting down and abandoning module HeadMountedDisplay (59)
[2015.04.01-20.11.36:548][279]LogModuleManager: Shutting down and abandoning module XAudio2 (58)
[2015.04.01-20.11.36:548][279]LogModuleManager: Shutting down and abandoning module Networking (56)
[2015.04.01-20.11.36:548][279]LogModuleManager: Shutting down and abandoning module Core (55)
[2015.04.01-20.11.36:548][279]LogModuleManager: Shutting down and abandoning module KismetCompiler (54)
[2015.04.01-20.11.36:548][279]LogModuleManager: Shutting down and abandoning module PhysXFormats (53)
[2015.04.01-20.11.36:548][279]LogModuleManager: Shutting down and abandoning module MeshUtilities (52)
[2015.04.01-20.11.36:548][279]LogModuleManager: Shutting down and abandoning module DerivedDataCache (51)
[2015.04.01-20.11.36:612][279]LogDerivedDataCache: Shutdown
[2015.04.01-20.11.36:612][279]LogModuleManager: Shutting down and abandoning module ShaderFormatOpenGL (50)
[2015.04.01-20.11.36:612][279]LogModuleManager: Shutting down and abandoning module ShaderFormatD3D (49)
[2015.04.01-20.11.36:612][279]LogModuleManager: Shutting down and abandoning module MetalShaderFormat (48)
[2015.04.01-20.11.36:612][279]LogModuleManager: Shutting down and abandoning module TextureFormatUncompressed (47)
[2015.04.01-20.11.36:612][279]LogModuleManager: Shutting down and abandoning module TextureFormatPVR (46)
[2015.04.01-20.11.36:612][279]LogModuleManager: Shutting down and abandoning module TextureFormatIntelISPCTexComp (45)
[2015.04.01-20.11.36:612][279]LogModuleManager: Shutting down and abandoning module TextureFormatDXT (44)
[2015.04.01-20.11.36:612][279]LogModuleManager: Shutting down and abandoning module ImageWrapper (43)
[2015.04.01-20.11.36:612][279]LogModuleManager: Shutting down and abandoning module TextureFormatASTC (42)
[2015.04.01-20.11.36:612][279]LogModuleManager: Shutting down and abandoning module TextureFormatAndroid (41)
[2015.04.01-20.11.36:612][279]LogModuleManager: Shutting down and abandoning module AudioFormatOpus (40)
[2015.04.01-20.11.36:612][279]LogModuleManager: Shutting down and abandoning module AudioFormatOgg (39)
[2015.04.01-20.11.36:612][279]LogModuleManager: Shutting down and abandoning module AudioFormatADPCM (38)
[2015.04.01-20.11.36:612][279]LogModuleManager: Shutting down and abandoning module LinuxTargetPlatform (37)
[2015.04.01-20.11.36:612][279]LogModuleManager: Shutting down and abandoning module LinuxServerTargetPlatform (36)
[2015.04.01-20.11.36:612][279]LogModuleManager: Shutting down and abandoning module LinuxNoEditorTargetPlatform (35)
[2015.04.01-20.11.36:612][279]LogModuleManager: Shutting down and abandoning module Messaging (34)
[2015.04.01-20.11.36:612][279]LogModuleManager: Shutting down and abandoning module IOSTargetPlatform (33)
[2015.04.01-20.11.36:612][279]LogModuleManager: Shutting down and abandoning module HTML5TargetPlatform (32)
[2015.04.01-20.11.36:612][279]LogModuleManager: Shutting down and abandoning module Android_PVRTCTargetPlatform (31)
[2015.04.01-20.11.36:612][279]LogModuleManager: Shutting down and abandoning module Android_ETC2TargetPlatform (30)
[2015.04.01-20.11.36:612][279]LogModuleManager: Shutting down and abandoning module Android_ETC1TargetPlatform (29)
[2015.04.01-20.11.36:612][279]LogModuleManager: Shutting down and abandoning module Android_ES31TargetPlatform (28)
[2015.04.01-20.11.36:612][279]LogModuleManager: Shutting down and abandoning module Android_DXTTargetPlatform (27)
[2015.04.01-20.11.36:612][279]LogModuleManager: Shutting down and abandoning module Android_ATCTargetPlatform (26)
[2015.04.01-20.11.36:612][279]LogModuleManager: Shutting down and abandoning module AndroidTargetPlatform (25)
[2015.04.01-20.11.36:612][279]LogModuleManager: Shutting down and abandoning module WindowsTargetPlatform (24)
[2015.04.01-20.11.36:612][279]LogModuleManager: Shutting down and abandoning module WindowsServerTargetPlatform (23)
[2015.04.01-20.11.36:612][279]LogModuleManager: Shutting down and abandoning module WindowsNoEditorTargetPlatform (22)
[2015.04.01-20.11.36:612][279]LogModuleManager: Shutting down and abandoning module WindowsClientTargetPlatform (21)
[2015.04.01-20.11.36:612][279]LogModuleManager: Shutting down and abandoning module TargetPlatform (20)
[2015.04.01-20.11.36:612][279]LogModuleManager: Shutting down and abandoning module InputCore (19)
[2015.04.01-20.11.36:612][279]LogModuleManager: Shutting down and abandoning module Settings (18)
[2015.04.01-20.11.36:612][279]LogModuleManager: Shutting down and abandoning module OnlineSubsystem (16)
[2015.04.01-20.11.36:612][279]LogModuleManager: Shutting down and abandoning module OculusRift (15)
[2015.04.01-20.11.36:612][279]LogModuleManager: Shutting down and abandoning module ExampleDeviceProfileSelector (14)
[2015.04.01-20.11.36:612][279]LogModuleManager: Shutting down and abandoning module TextureCompressor (13)
[2015.04.01-20.11.36:612][279]LogModuleManager: Shutting down and abandoning module ShaderCore (12)
[2015.04.01-20.11.36:612][279]LogModuleManager: Shutting down and abandoning module Landscape (11)
[2015.04.01-20.11.36:612][279]LogModuleManager: Shutting down and abandoning module SlateRHIRenderer (10)
[2015.04.01-20.11.36:615][279]LogModuleManager: Shutting down and abandoning module OpenGLDrv (9)
[2015.04.01-20.11.36:615][279]LogModuleManager: Shutting down and abandoning module D3D11RHI (8)
[2015.04.01-20.11.36:615][279]LogModuleManager: Shutting down and abandoning module Renderer (7)
[2015.04.01-20.11.36:615][279]LogModuleManager: Shutting down and abandoning module Engine (6)
[2015.04.01-20.11.36:615][279]LogModuleManager: Shutting down and abandoning module CoreUObject (5)
[2015.04.01-20.11.36:615][279]LogModuleManager: Shutting down and abandoning module NetworkFile (4)
[2015.04.01-20.11.36:615][279]LogModuleManager: Shutting down and abandoning module StreamingFile (3)
[2015.04.01-20.11.36:615][279]LogModuleManager: Shutting down and abandoning module SandboxFile (2)
[2015.04.01-20.11.36:615][279]LogModuleManager: Shutting down and abandoning module PakFile (1)
[2015.04.01-20.11.36:615][279]LogExit: Exiting.
[2015.04.01-20.11.36:619][279]Log file closed, 04/01/15 14:11:36
