Log file open, 04/01/15 14:12:30
LogInit:Display: Running engine for game: Duty_Bound
LogInit: Version: 4.7.3-2479750+++depot+UE4-Releases+4.7
LogInit: API Version: 2455222
LogInit: Compiled (64-bit): Mar 15 2015 23:20:45
LogInit: Compiled with Visual C++: 18.00.21005.01
LogInit: Build Configuration: Development
LogInit: Branch Name: ++depot+UE4-Releases+4.7
LogInit: Command line: 
LogInit: Base directory: C:/Program Files/Unreal Engine/4.7/Engine/Binaries/Win64/
LogInit: Rocket: 1
[2015.04.01-20.12.30:457][  0]LogTaskGraph: Started task graph with 3 named threads and 6 total threads.
[2015.04.01-20.12.30:510][  0]LogOnline:Warning: No default platform service specified for OnlineSubsystem
[2015.04.01-20.12.30:524][  0]LogInit: Presizing for 0 objects not considered by GC, pre-allocating 0 bytes.
[2015.04.01-20.12.30:534][  0]LogInit: Object subsystem initialized
[2015.04.01-20.12.30:536][  0]LogConsoleResponse:Warning: Skipping Unknown console variable: 'TranslucentSortAxis = (X=0.000000,Y=-1.000000,Z=0.000000)'
[2015.04.01-20.12.30:536][  0]LogConsoleResponse:Warning:   Found in ini file 'C:/Users/u0460100/Desktop/Duty_Bound/Saved/Config/Windows/Engine.ini', in section '[/Script/Engine.RendererSettings]'
[2015.04.01-20.12.30:536][  0]LogConsoleResponse:Warning: Skipping Unknown console variable: 'UIScaleRule = ShortestSide'
[2015.04.01-20.12.30:536][  0]LogConsoleResponse:Warning:   Found in ini file 'C:/Users/u0460100/Desktop/Duty_Bound/Saved/Config/Windows/Engine.ini', in section '[/Script/Engine.RendererSettings]'
[2015.04.01-20.12.30:536][  0]LogConsoleResponse:Warning: Skipping Unknown console variable: 'UIScaleCurve = (EditorCurveData=(Keys=),ExternalCurve=None)'
[2015.04.01-20.12.30:536][  0]LogConsoleResponse:Warning:   Found in ini file 'C:/Users/u0460100/Desktop/Duty_Bound/Saved/Config/Windows/Engine.ini', in section '[/Script/Engine.RendererSettings]'
[2015.04.01-20.12.30:536][  0]LogInit: Selected Device Profile: [Windows]
[2015.04.01-20.12.30:536][  0]LogInit: Applying CVar settings loaded from the selected device profile: [Windows]
[2015.04.01-20.12.30:542][  0]LogInit: Computer: TCPC-43
[2015.04.01-20.12.30:542][  0]LogInit: User: u0460100
[2015.04.01-20.12.30:542][  0]LogInit: CPU Page size=4096, Cores=4
[2015.04.01-20.12.30:542][  0]LogInit: High frequency timer resolution =3.906367 MHz
[2015.04.01-20.12.30:542][  0]LogMemory: Memory total: Physical=8.0GB (8GB approx) Virtual=8192.0GB
[2015.04.01-20.12.30:543][  0]LogMemory: Platform Memory Stats for Windows
[2015.04.01-20.12.30:543][  0]LogMemory: Process Physical Memory: 48.01 MB used, 48.01 MB peak
[2015.04.01-20.12.30:543][  0]LogMemory: Process Virtual Memory: 24.61 MB used, 24.61 MB peak
[2015.04.01-20.12.30:543][  0]LogMemory: Physical Memory: 3864.54 MB used, 8173.54 MB total
[2015.04.01-20.12.30:543][  0]LogMemory: Virtual Memory: 277.14 MB used, 8388608.00 MB total
[2015.04.01-20.12.30:572][  0]LogD3D11RHI: Found D3D11 adapter 0: NVIDIA GeForce GT 630 (Feature Level 11_0)
[2015.04.01-20.12.30:572][  0]LogD3D11RHI: Adapter has 978MB of dedicated video memory, 0MB of dedicated system memory, and 3071MB of shared system memory, 1 output[s]
[2015.04.01-20.12.30:572][  0]LogD3D11RHI: Chosen D3D11 Adapter Id = 0
[2015.04.01-20.12.30:578][  0]LogRHI: Texture pool is 684 MB (70% of 978 MB)
[2015.04.01-20.12.30:586][  0]LogD3D11RHI: Async texture creation enabled
[2015.04.01-20.12.30:641][  0]LogTextLocalizationManager: The requested culture ('en_US') has no localization data; parent culture's ('en') localization data will be used.
[2015.04.01-20.12.30:704][  0]LogTextLocalizationManager:Warning: Loading localization resources contain conflicting entries for (Namespace:UICommands, Key:Save_ToolTip):
Resource: (C:/Program Files/Unreal Engine/4.7/Engine/Content/Localization/Editor/en/Editor.locres) Hash: (-29098895) String: (Saves the current level to disk)
Resource: (C:/Program Files/Unreal Engine/4.7/Engine/Content/Localization/Engine/en/Engine.locres) Hash: (-1280300587) String: (Save selected data to vlog file)
[2015.04.01-20.12.30:704][  0]LogTextLocalizationManager:Warning: Loading localization resources contain conflicting entries for (Namespace:ContentBrowser, Key:ImportAssetToolTip):
Resource: (C:/Program Files/Unreal Engine/4.7/Engine/Content/Localization/Editor/en/Editor.locres) Hash: (-630476809) String: (Import to {0}...)
Resource: (C:/Program Files/Unreal Engine/4.7/Engine/Content/Localization/Editor/en/Editor.locres) Hash: (1271782899) String: (Imports an asset from file to this folder.)
[2015.04.01-20.12.30:786][  0]LogContentStreaming: Texture pool size is 0.000000MB
[2015.04.01-20.12.32:962][  0]LogTargetPlatformManager:Display: Building Assets For Windows
[2015.04.01-20.12.33:491][  0]LogTargetPlatformManager:Display: Building Assets For Windows
[2015.04.01-20.12.33:556][  0]LogDerivedDataCache:Display: Max Cache Size: 512 MB
[2015.04.01-20.12.33:618][  0]LogDerivedDataCache: Loaded boot cache 0.06s 39MB C:/Users/u0460100/AppData/Local/UnrealEngine/4.7/DerivedDataCache/Boot.ddc.
[2015.04.01-20.12.33:618][  0]LogDerivedDataCache:Display: Loaded Boot cache: C:/Users/u0460100/AppData/Local/UnrealEngine/4.7/DerivedDataCache/Boot.ddc
[2015.04.01-20.12.33:618][  0]LogDerivedDataCache: FDerivedDataBackendGraph:  Pak pak cache file ../../../../../../Users/u0460100/Desktop/Duty_Bound/DerivedDataCache/DDC.ddp not found, will not use a pak cache.
[2015.04.01-20.12.33:618][  0]LogDerivedDataCache: Unable to find inner node Pak for hierarchical cache Hierarchy.
[2015.04.01-20.12.33:730][  0]LogDerivedDataCache:Display: Pak cache opened for reading ../../../Engine/DerivedDataCache/Compressed.ddp.
[2015.04.01-20.12.33:741][  0]LogDerivedDataCache: Using Local data cache path C:/Users/u0460100/AppData/Local/UnrealEngine/Common/DerivedDataCache: Writable
[2015.04.01-20.12.34:079][  0]LogMeshUtilities: No automatic mesh reduction module available
[2015.04.01-20.12.34:079][  0]LogMeshUtilities: No automatic mesh merging module available
[2015.04.01-20.12.34:482][  0]LogInit: WinSock: version 1.1 (2.2), MaxSocks=32767, MaxUdp=65467
[2015.04.01-20.12.34:564][  0]LogSlate:Warning: Failed to load font data from '../../../Engine/Content/Slate/Fonts/Roboto-Italic.ttf'
[2015.04.01-20.12.35:395][  0]UdpMessaging: Initializing bridge on interface 0.0.0.0:0 to multicast group 230.0.0.1:6666.
[2015.04.01-20.12.35:598][  0]SourceControl: Info Source control is disabled
[2015.04.01-20.12.35:598][  0]SourceControl: Info Source control is disabled
[2015.04.01-20.12.35:598][  0]SourceControl: Info Source control is disabled
[2015.04.01-20.12.35:598][  0]LogSourceControl: RunCommandInternalRaw: 'git version'
[2015.04.01-20.12.35:598][  0]LogSourceControl: RunCommandInternalRaw: ExecProcess ReturnCode=2 OutResults=''
[2015.04.01-20.12.35:608][  0]SourceControl: Info Source control is disabled
[2015.04.01-20.12.35:800][  0]LogObj: 24231 objects as part of root set at end of initial load.
[2015.04.01-20.12.35:800][  0]LogUObjectAllocator: 5136440 out of 0 bytes used by permanent object pool.
[2015.04.01-20.12.35:888][  0]LogEngine: Initializing Engine...
[2015.04.01-20.12.39:054][  0]LogInit: XAudio2 using 'Digital Audio (S/PDIF) (4- High Definition Audio Device)' : 2 channels at 44.1 kHz using 16 bits per sample (channel mask 0x3)
[2015.04.01-20.12.39:084][  0]LogInit: FAudioDevice initialized.
[2015.04.01-20.12.39:124][  0]LogAIModule: Creating AISystem for world NewWorld
[2015.04.01-20.12.39:157][  0]LogDerivedDataCache: Saved boot cache 0.03s 39MB C:/Users/u0460100/AppData/Local/UnrealEngine/4.7/DerivedDataCache/Boot.ddc.
[2015.04.01-20.12.39:167][  0]LogInit: Texture streaming: Enabled
[2015.04.01-20.12.39:260][  0]LogAnalytics: Creating configured Analytics provider AnalyticsET
[2015.04.01-20.12.39:260][  0]LogAnalytics: ET APIKey = Rocket.Release. APIServer = http://et2.epicgames.com/ET2/. AppVersion = 4.7.3-2479750+++depot+UE4-Releases+4.7
[2015.04.01-20.12.39:260][  0]LogAnalytics: ET APIKey = Rocket.Release. DataRouterUploadURL = https://datarouter-public-service-gamedev.ol.epicgames.net/datarouter/api/v1/public/data. AppVersion = 4.7.3-2479750+++depot+UE4-Releases+4.7
[2015.04.01-20.12.39:260][  0]LogAnalytics: SetUserId febee0bf46dadaf1ad5e97877101b06c|0dd931e3ddc7435598bf718641c1d7d3|4e36f673-25ed-4d20-b592-0a3012a498f0
[2015.04.01-20.12.39:260][  0]LogAnalytics: AnalyticsET::StartSession [Rocket.Release]
[2015.04.01-20.12.39:284][  0]LogInit: Transaction tracking system initialized
[2015.04.01-20.12.39:461][  0]BlueprintLog: New page: Editor Load
[2015.04.01-20.12.39:496][  0]LogAssetRegistry: FAssetRegistry took 0.0097 seconds to start up
[2015.04.01-20.12.39:496][  0]LogDirectoryWatcher:Warning: Failed to begin reading directory changes for ../../../Engine/Plugins/Experimental/CharacterAI/Content/. Error: 0
[2015.04.01-20.12.40:060][  0]LogTargetPlatformManager:Display: Building Assets For Windows
[2015.04.01-20.12.40:424][  0]LogTargetPlatformManager:Display: Building Assets For Windows
[2015.04.01-20.12.40:687][  0]LogSlate:Warning: Failed to load font data from '../../../Engine/Content/Editor/Slate/Fonts/Roboto-Regular.ttf'
[2015.04.01-20.12.40:688][  0]LogSlate:Warning: Failed to load font data from '../../../Engine/Content/Editor/Slate/Fonts/Roboto-Bold.ttf'
[2015.04.01-20.12.40:693][  0]LogConsoleResponse:Display: 
[2015.04.01-20.12.40:825][  0]LogCook:Display: Done creating registry. It took  0.00s.
[2015.04.01-20.12.40:988][  0]SourceControl: Info Source control is disabled
[2015.04.01-20.12.40:988][  0]Cmd: MAP LOAD FILE="../../../../../../Users/u0460100/Desktop/Duty_Bound/Content/StarterContent/Maps/Minimal_Default.umap" TEMPLATE=0 SHOWPROGRESS=1 FEATURELEVEL=3
[2015.04.01-20.12.40:989][  0]LightingResults: New page: Lighting Build
[2015.04.01-20.12.41:002][  0]MapCheck: New page: Map Check
[2015.04.01-20.12.41:002][  0]LightingResults: New page: Lighting Build
[2015.04.01-20.12.41:013][  0]LogParticles: Destroying 0 GPU particle simulations for FXSystem 0x0000000003E6CE00
[2015.04.01-20.12.41:670][  0]LogEditorServer: Finished looking for orphan Actors (0.000 secs)
[2015.04.01-20.12.41:671][  0]LogAIModule: Creating AISystem for world Minimal_Default
[2015.04.01-20.12.41:671][  0]Cmd: MAP CHECKDEP
[2015.04.01-20.12.41:671][  0]MapCheck: New page: Minimal_Default - Apr 1, 2015, 8:12:41 AM
[2015.04.01-20.12.41:742][  0]MapCheck: Info Map check complete: 0 Error(s), 0 Warning(s), took 70.949ms to complete.
[2015.04.01-20.12.41:742][  0]LogFileHelpers: Loading map 'Minimal_Default' took 0.754
[2015.04.01-20.12.41:820][  0]LogCollectionManager: Loaded 0 collections in 0.001647 seconds
[2015.04.01-20.12.41:837][  0]LogContentBrowser: Native class hierarchy populated in 0.0172 seconds. Added 1696 classes and 261 folders.
[2015.04.01-20.12.41:918][  0]LogContentBrowser: Native class hierarchy updated for 'SceneOutliner' in 0.0022 seconds. Added 1 classes and 2 folders.
[2015.04.01-20.12.41:967][  0]LogCrashTracker: Crashtracker disabled due to settings.
[2015.04.01-20.12.41:968][  0]LogSlate:Warning: Failed to load font data from 'Veranda'
[2015.04.01-20.12.41:971][  0]LogUObjectGlobals:Warning: Failed to find object 'Class None.'
[2015.04.01-20.12.42:001][  0]LogLoad: Full Startup: 13.35 seconds (BP compile: 0.00 seconds)
[2015.04.01-20.12.42:032][  0]LogContentBrowser:Verbose: The content browser source was changed by the sources view to '/Game/Maps'
[2015.04.01-20.12.42:165][  0]LogRenderer:Warning: Reallocating scene render targets to support 32x32 (Frame:2).
[2015.04.01-20.12.42:345][  0]LogRenderer:Warning: Reallocating scene render targets to support 1160x928 (Frame:4).
[2015.04.01-20.12.43:020][  6]LogAssetRegistry: Asset discovery search completed in 3.5341 seconds
[2015.04.01-20.14.59:555][889]LogContentBrowser:Verbose: The content browser source was changed by the sources view to '/Game'
[2015.04.01-20.15.06:195][169]Cmd: OBJ SAVEPACKAGE PACKAGE="/Game/Maps/Whitebox" FILE="../../../../../../Users/u0460100/Desktop/Duty_Bound/Content/Maps/Whitebox.umap" SILENT=true AUTOSAVING=false KEEPDIRTY=false
[2015.04.01-20.15.06:848][169]LogSavePackage: Save=630.500671ms
[2015.04.01-20.15.06:848][169]LogSavePackage: Moving '../../../../../../Users/u0460100/Desktop/Duty_Bound/Saved/WhiteboxF8A8450C4A0CA2147B6952AB546CB406.tmp' to '../../../../../../Users/u0460100/Desktop/Duty_Bound/Content/Maps/Whitebox.umap'
[2015.04.01-20.15.06:852][169]LogFileHelpers: Saving map 'Whitebox' took 0.736
[2015.04.01-20.15.08:042][189]LogContentBrowser:Verbose: The content browser source was changed by the sources view to '/Game/Maps'
[2015.04.01-20.15.09:403][214]Cmd: MAP LOAD FILE="../../../../../../Users/u0460100/Desktop/Duty_Bound/Content/Maps/Whitebox.umap" TEMPLATE=0 SHOWPROGRESS=1 FEATURELEVEL=3
[2015.04.01-20.15.09:403][214]LightingResults: New page: Lighting Build
[2015.04.01-20.15.09:429][214]LoadErrors: New page: Loading map: Whitebox.umap
[2015.04.01-20.15.09:430][214]MapCheck: New page: Map Check
[2015.04.01-20.15.09:430][214]LightingResults: New page: Lighting Build
[2015.04.01-20.15.09:442][214]LogParticles: Destroying 0 GPU particle simulations for FXSystem 0x0000000013BC2200
[2015.04.01-20.15.09:559][214]LogEditorServer: Finished looking for orphan Actors (0.000 secs)
[2015.04.01-20.15.09:559][214]LogAIModule: Creating AISystem for world Whitebox
[2015.04.01-20.15.09:591][214]Cmd: MAP CHECKDEP
[2015.04.01-20.15.09:591][214]MapCheck: New page: Whitebox - Apr 1, 2015, 8:15:09 AM
[2015.04.01-20.15.09:668][214]MapCheck: Info Map check complete: 0 Error(s), 0 Warning(s), took 76.896ms to complete.
[2015.04.01-20.15.09:669][214]LogFileHelpers: Loading map 'Whitebox' took 0.267
[2015.04.01-20.15.24:505][283]Cmd: MAP LOAD FILE="../../../../../../Users/u0460100/Desktop/Duty_Bound/Content/Maps/Space_Scene.umap" TEMPLATE=0 SHOWPROGRESS=1 FEATURELEVEL=3
[2015.04.01-20.15.24:505][283]LightingResults: New page: Lighting Build
[2015.04.01-20.15.24:531][283]LoadErrors: New page: Loading map: Space_Scene.umap
[2015.04.01-20.15.24:532][283]MapCheck: New page: Map Check
[2015.04.01-20.15.24:532][283]LightingResults: New page: Lighting Build
[2015.04.01-20.15.24:550][283]LogParticles: Destroying 0 GPU particle simulations for FXSystem 0x000000000DA611C0
[2015.04.01-20.15.24:557][283]LogEditorServer: Finished looking for orphan Actors (0.000 secs)
[2015.04.01-20.15.24:558][283]LogAIModule: Creating AISystem for world Space_Scene
[2015.04.01-20.15.24:587][283]Cmd: MAP CHECKDEP
[2015.04.01-20.15.24:587][283]MapCheck: New page: Space_Scene - Apr 1, 2015, 8:15:24 AM
[2015.04.01-20.15.24:664][283]MapCheck: Info Map check complete: 0 Error(s), 0 Warning(s), took 76.846ms to complete.
[2015.04.01-20.15.24:664][283]LogFileHelpers: Loading map 'Space_Scene' took 0.161
[2015.04.01-20.15.48:577][744]LogContentBrowser:Verbose: The content browser source was changed by the sources view to '/Game/SpaceBox_Color/Materials/ST'
[2015.04.01-20.15.50:485][762]LogTexture:Display: Building textures: SpaceBoxST_Arothe (BGRA8)
[2015.04.01-20.15.53:160][762]LogMaterial: Missing cached shader map for material Mat_ST_Arothe, compiling. 
[2015.04.01-20.15.58:607][852]Cmd: TRANSACTION UNDO
[2015.04.01-20.15.58:607][852]LogEditorTransaction: Undo Assign Material to Component (Drag and Drop)
[2015.04.01-20.16.04:504][977]LogContentBrowser:Verbose: The content browser source was changed by the sources view to 'None'
[2015.04.01-20.16.12:208][131]LogContentBrowser:Verbose: The content browser source was changed by the sources view to '/Game/Maps'
[2015.04.01-20.16.21:038][297]Cmd: MAP LOAD FILE="../../../../../../Users/u0460100/Desktop/Duty_Bound/Content/Maps/Whitebox.umap" TEMPLATE=0 SHOWPROGRESS=1 FEATURELEVEL=3
[2015.04.01-20.16.21:038][297]LightingResults: New page: Lighting Build
[2015.04.01-20.16.21:065][297]LoadErrors: New page: Loading map: Whitebox.umap
[2015.04.01-20.16.21:065][297]MapCheck: New page: Map Check
[2015.04.01-20.16.21:065][297]LightingResults: New page: Lighting Build
[2015.04.01-20.16.21:078][297]LogParticles: Destroying 0 GPU particle simulations for FXSystem 0x000000000DA5ECA0
[2015.04.01-20.16.21:144][297]LogEditorServer: Finished looking for orphan Actors (0.000 secs)
[2015.04.01-20.16.21:146][297]LogAIModule: Creating AISystem for world Whitebox
[2015.04.01-20.16.21:176][297]Cmd: MAP CHECKDEP
[2015.04.01-20.16.21:176][297]MapCheck: New page: Whitebox - Apr 1, 2015, 8:16:21 AM
[2015.04.01-20.16.21:253][297]MapCheck: Info Map check complete: 0 Error(s), 0 Warning(s), took 76.614ms to complete.
[2015.04.01-20.16.21:254][297]LogFileHelpers: Loading map 'Whitebox' took 0.218
[2015.04.01-20.19.23:361][527]LogSynthBenchmark:Display: FSynthBenchmark (V0.95):  requested WorkScale=1.00
[2015.04.01-20.19.23:361][527]LogSynthBenchmark:Display: ===============
[2015.04.01-20.19.23:361][527]LogSynthBenchmark:Display: Main Processor:
[2015.04.01-20.19.23:412][527]LogSynthBenchmark:Display:          ... 0.026947 s/Run 'RayIntersect'
[2015.04.01-20.19.23:412][527]LogSynthBenchmark:Display:          ... 0.024102 s/Run 'Fractal'
[2015.04.01-20.19.23:412][527]LogSynthBenchmark:Display: 
[2015.04.01-20.19.23:412][527]LogSynthBenchmark:Display:   CompiledTarget_x_Bits: 64
[2015.04.01-20.19.23:413][527]LogSynthBenchmark:Display:   UE_BUILD_SHIPPING: 0
[2015.04.01-20.19.23:413][527]LogSynthBenchmark:Display:   UE_BUILD_TEST: 0
[2015.04.01-20.19.23:413][527]LogSynthBenchmark:Display:   UE_BUILD_DEBUG: 0
[2015.04.01-20.19.23:413][527]LogSynthBenchmark:Display:   TotalPhysicalGBRam: 8
[2015.04.01-20.19.23:413][527]LogSynthBenchmark:Display:   NumberOfCores (physical): 4
[2015.04.01-20.19.23:413][527]LogSynthBenchmark:Display:   NumberOfCores (logical): 8
[2015.04.01-20.19.23:413][527]LogSynthBenchmark:Display:   CPU Perf Index 0: 95.0
[2015.04.01-20.19.23:413][527]LogSynthBenchmark:Display:   CPU Perf Index 1: 118.7
[2015.04.01-20.19.23:413][527]LogSynthBenchmark:Display:  
[2015.04.01-20.19.23:413][527]LogSynthBenchmark:Display: Graphics:
[2015.04.01-20.19.23:413][527]LogSynthBenchmark:Display:   Adapter Name: 'NVIDIA GeForce GT 630'
[2015.04.01-20.19.23:413][527]LogSynthBenchmark:Display:   (On Optimus the name might be wrong, memory should be ok)
[2015.04.01-20.19.23:413][527]LogSynthBenchmark:Display:   Vendor Id: 0x10de
[2015.04.01-20.19.23:413][527]LogSynthBenchmark:Display:   GPU Memory: 979/0/3072 MB
[2015.04.01-20.19.23:436][527]LogSynthBenchmark:Display:   GPU first test: 0.01s
[2015.04.01-20.19.23:436][527]LogSynthBenchmark:Display:          ... 0.521 GigaPix/s, Confidence=100% 'ALUHeavyNoise' (likely to be very inaccurate)
[2015.04.01-20.19.23:436][527]LogSynthBenchmark:Display:          ... 0.538 GigaPix/s, Confidence=100% 'TexHeavy' (likely to be very inaccurate)
[2015.04.01-20.19.23:436][527]LogSynthBenchmark:Display:          ... 0.375 GigaPix/s, Confidence=100% 'DepTexHeavy' (likely to be very inaccurate)
[2015.04.01-20.19.23:436][527]LogSynthBenchmark:Display:          ... 1.395 GigaPix/s, Confidence=100% 'FillOnly' (likely to be very inaccurate)
[2015.04.01-20.19.23:436][527]LogSynthBenchmark:Display:          ... 0.100 GigaPix/s, Confidence=100% 'Bandwidth' (likely to be very inaccurate)
[2015.04.01-20.19.23:557][527]LogSynthBenchmark:Display:   GPU second test: 0.12s
[2015.04.01-20.19.23:557][527]LogSynthBenchmark:Display:          ... 0.666 GigaPix/s, Confidence=100% 'ALUHeavyNoise' (likely to be inaccurate)
[2015.04.01-20.19.23:557][527]LogSynthBenchmark:Display:          ... 0.711 GigaPix/s, Confidence=100% 'TexHeavy' (likely to be inaccurate)
[2015.04.01-20.19.23:557][527]LogSynthBenchmark:Display:          ... 0.387 GigaPix/s, Confidence=100% 'DepTexHeavy' (likely to be inaccurate)
[2015.04.01-20.19.23:557][527]LogSynthBenchmark:Display:          ... 2.448 GigaPix/s, Confidence=100% 'FillOnly' (likely to be inaccurate)
[2015.04.01-20.19.23:557][527]LogSynthBenchmark:Display:          ... 0.099 GigaPix/s, Confidence=100% 'Bandwidth' (likely to be inaccurate)
[2015.04.01-20.19.23:557][527]LogSynthBenchmark:Display:          ... 0.666 GigaPix/s, Confidence=100% 'ALUHeavyNoise'
[2015.04.01-20.19.23:557][527]LogSynthBenchmark:Display:          ... 0.711 GigaPix/s, Confidence=100% 'TexHeavy'
[2015.04.01-20.19.23:557][527]LogSynthBenchmark:Display:          ... 0.387 GigaPix/s, Confidence=100% 'DepTexHeavy'
[2015.04.01-20.19.23:557][527]LogSynthBenchmark:Display:          ... 2.448 GigaPix/s, Confidence=100% 'FillOnly'
[2015.04.01-20.19.23:557][527]LogSynthBenchmark:Display:          ... 0.099 GigaPix/s, Confidence=100% 'Bandwidth'
[2015.04.01-20.19.23:557][527]LogSynthBenchmark:Display: 
[2015.04.01-20.19.23:557][527]LogSynthBenchmark:Display:   GPU Perf Index 0: 14.5
[2015.04.01-20.19.23:557][527]LogSynthBenchmark:Display:   GPU Perf Index 1: 9.5
[2015.04.01-20.19.23:557][527]LogSynthBenchmark:Display:   GPU Perf Index 2: 10.1
[2015.04.01-20.19.23:557][527]LogSynthBenchmark:Display:   GPU Perf Index 3: 9.6
[2015.04.01-20.19.23:557][527]LogSynthBenchmark:Display:   GPU Perf Index 4: 9.2
[2015.04.01-20.19.23:557][527]LogSynthBenchmark:Display:   CPUIndex: 95.0
[2015.04.01-20.19.23:557][527]LogSynthBenchmark:Display:   GPUIndex: 14.5
[2015.04.01-20.19.23:557][527]LogSynthBenchmark:Display: 
[2015.04.01-20.19.23:557][527]LogSynthBenchmark:Display:          ... Total Time: 0.195696 sec
[2015.04.01-20.19.23:557][527]LogConsoleManager:Warning: Console variable 'r.Streaming.PoolSize' wasn't set (Priority Code < Scalability)
[2015.04.01-20.19.23:557][527]LogConsoleManager:Warning: Console variable 'r.MaterialQualityLevel' wasn't set (Priority Console < Scalability)
[2015.04.01-20.19.23:560][527]LogConsoleManager:Warning: Console variable 'r.Streaming.PoolSize' wasn't set (Priority Code < Scalability)
[2015.04.01-20.19.23:561][527]LogConsoleManager:Warning: Console variable 'r.MaterialQualityLevel' wasn't set (Priority Console < Scalability)
[2015.04.01-20.19.23:620][528]LogRenderer:Warning: Reallocating scene render targets to support 1160x928 (Frame:2063).
[2015.04.01-20.19.32:091][ 83]Cmd: MAP LOAD FILE="../../../../../../Users/u0460100/Desktop/Duty_Bound/Content/Maps/Cargo_Scene.umap" TEMPLATE=0 SHOWPROGRESS=1 FEATURELEVEL=3
[2015.04.01-20.19.32:092][ 83]LightingResults: New page: Lighting Build
[2015.04.01-20.19.32:119][ 83]LoadErrors: New page: Loading map: Cargo_Scene.umap
[2015.04.01-20.19.32:120][ 83]MapCheck: New page: Map Check
[2015.04.01-20.19.32:120][ 83]LightingResults: New page: Lighting Build
[2015.04.01-20.19.32:138][ 83]LogParticles: Destroying 0 GPU particle simulations for FXSystem 0x000000000F2128E0
[2015.04.01-20.19.32:145][ 83]LogEditorServer: Finished looking for orphan Actors (0.000 secs)
[2015.04.01-20.19.32:146][ 83]LogAIModule: Creating AISystem for world Cargo_Scene
[2015.04.01-20.19.32:176][ 83]Cmd: MAP CHECKDEP
[2015.04.01-20.19.32:176][ 83]MapCheck: New page: Cargo_Scene - Apr 1, 2015, 8:19:32 AM
[2015.04.01-20.19.32:253][ 83]MapCheck: Info Map check complete: 0 Error(s), 0 Warning(s), took 77.66ms to complete.
[2015.04.01-20.19.32:255][ 83]LogFileHelpers: Loading map 'Cargo_Scene' took 0.165
[2015.04.01-20.19.33:952][202]Cmd: MAP LOAD FILE="../../../../../../Users/u0460100/Desktop/Duty_Bound/Content/Maps/Whitebox.umap" TEMPLATE=0 SHOWPROGRESS=1 FEATURELEVEL=3
[2015.04.01-20.19.33:952][202]LightingResults: New page: Lighting Build
[2015.04.01-20.19.33:979][202]LoadErrors: New page: Loading map: Whitebox.umap
[2015.04.01-20.19.33:979][202]MapCheck: New page: Map Check
[2015.04.01-20.19.33:979][202]LightingResults: New page: Lighting Build
[2015.04.01-20.19.33:991][202]LogParticles: Destroying 0 GPU particle simulations for FXSystem 0x00000000178EC680
[2015.04.01-20.19.34:058][202]LogEditorServer: Finished looking for orphan Actors (0.000 secs)
[2015.04.01-20.19.34:060][202]LogAIModule: Creating AISystem for world Whitebox
[2015.04.01-20.19.34:090][202]Cmd: MAP CHECKDEP
[2015.04.01-20.19.34:090][202]MapCheck: New page: Whitebox - Apr 1, 2015, 8:19:34 AM
[2015.04.01-20.19.34:168][202]MapCheck: Info Map check complete: 0 Error(s), 0 Warning(s), took 78.605ms to complete.
[2015.04.01-20.19.34:170][202]LogFileHelpers: Loading map 'Whitebox' took 0.220
[2015.04.01-20.19.34:809][245]Cmd: MAP LOAD FILE="../../../../../../Users/u0460100/Desktop/Duty_Bound/Content/Maps/Cargo_Scene.umap" TEMPLATE=0 SHOWPROGRESS=1 FEATURELEVEL=3
[2015.04.01-20.19.34:809][245]LightingResults: New page: Lighting Build
[2015.04.01-20.19.34:835][245]LoadErrors: New page: Loading map: Cargo_Scene.umap
[2015.04.01-20.19.34:837][245]MapCheck: New page: Map Check
[2015.04.01-20.19.34:837][245]LightingResults: New page: Lighting Build
[2015.04.01-20.19.34:854][245]LogParticles: Destroying 0 GPU particle simulations for FXSystem 0x000000000CFBDD00
[2015.04.01-20.19.34:861][245]LogEditorServer: Finished looking for orphan Actors (0.000 secs)
[2015.04.01-20.19.34:862][245]LogAIModule: Creating AISystem for world Cargo_Scene
[2015.04.01-20.19.34:890][245]Cmd: MAP CHECKDEP
[2015.04.01-20.19.34:890][245]MapCheck: New page: Cargo_Scene - Apr 1, 2015, 8:19:34 AM
[2015.04.01-20.19.34:967][245]MapCheck: Info Map check complete: 0 Error(s), 0 Warning(s), took 77.401ms to complete.
[2015.04.01-20.19.34:967][245]LogFileHelpers: Loading map 'Cargo_Scene' took 0.161
[2015.04.01-20.19.44:764][101]Cmd: OBJ SAVEPACKAGE PACKAGE="/Game/Maps/Space_Scene" FILE="../../../../../../Users/u0460100/Desktop/Duty_Bound/Content/Maps/Space_Scene.umap" SILENT=true AUTOSAVING=false KEEPDIRTY=false
[2015.04.01-20.19.44:793][101]LogSavePackage: Save=12.870271ms
[2015.04.01-20.19.44:793][101]LogSavePackage: Moving '../../../../../../Users/u0460100/Desktop/Duty_Bound/Saved/Space_SceneB71F5E074842C1B8C860D8AB7A256598.tmp' to '../../../../../../Users/u0460100/Desktop/Duty_Bound/Content/Maps/Space_Scene.umap'
[2015.04.01-20.19.44:821][101]LogFileHelpers: Saving map 'Space_Scene' took 0.134
[2015.04.01-20.20.19:219][256]Cmd: MAP LOAD FILE="../../../../../../Users/u0460100/Desktop/Duty_Bound/Content/Maps/Whitebox.umap" TEMPLATE=0 SHOWPROGRESS=1 FEATURELEVEL=3
[2015.04.01-20.20.19:220][256]LightingResults: New page: Lighting Build
[2015.04.01-20.20.19:246][256]LoadErrors: New page: Loading map: Whitebox.umap
[2015.04.01-20.20.19:246][256]MapCheck: New page: Map Check
[2015.04.01-20.20.19:246][256]LightingResults: New page: Lighting Build
[2015.04.01-20.20.19:258][256]LogParticles: Destroying 0 GPU particle simulations for FXSystem 0x00000000117274C0
[2015.04.01-20.20.19:325][256]LogEditorServer: Finished looking for orphan Actors (0.000 secs)
[2015.04.01-20.20.19:327][256]LogAIModule: Creating AISystem for world Whitebox
[2015.04.01-20.20.19:356][256]Cmd: MAP CHECKDEP
[2015.04.01-20.20.19:356][256]MapCheck: New page: Whitebox - Apr 1, 2015, 8:20:19 AM
[2015.04.01-20.20.19:433][256]MapCheck: Info Map check complete: 0 Error(s), 0 Warning(s), took 76.713ms to complete.
[2015.04.01-20.20.19:434][256]LogFileHelpers: Loading map 'Whitebox' took 0.217
[2015.04.01-20.25.16:202][361]LogEditorActor: Deleted Actor: AtmosphericFog
[2015.04.01-20.25.16:220][361]LogEditorActor: Deleted 1 Actors (0.022 secs)
[2015.04.01-20.25.22:131][889]LogEditorActor: Deleted Actor: BP_Sky_Sphere_C
[2015.04.01-20.25.22:147][889]LogEditorActor: Deleted 1 Actors (0.020 secs)
[2015.04.01-20.25.22:771][939]LogEditorActor: Deleted Actor: BP_Sky_Sphere_C
[2015.04.01-20.25.22:787][939]LogEditorActor: Deleted 1 Actors (0.020 secs)
[2015.04.01-20.25.26:795][291]LogEditorActor: Deleted Actor: Brush
[2015.04.01-20.25.27:394][291]LogEditorActor: Deleted 1 Actors (0.603 secs)
[2015.04.01-20.25.33:879][835]LogContentBrowser:Verbose: The content browser source was changed by the sources view to '/Game/SpaceBox_Color'
[2015.04.01-20.25.38:618][256]LogContentBrowser:Verbose: The content browser source was changed by the sources view to '/Game/SpaceBox_Color/Meshes/HD'
[2015.04.01-20.25.38:975][286]LogContentBrowser:Verbose: The content browser source was changed by the sources view to '/Game/SpaceBox_Color/Meshes/ST'
[2015.04.01-20.25.40:019][360]LogActorFactory: Actor Factory created SpaceBoxST
[2015.04.01-20.25.41:975][420]LogActorFactory: Actor Factory created SpaceBoxST
[2015.04.01-20.25.58:337][391]LogContentBrowser:Verbose: The content browser source was changed by the sources view to '/Game/SpaceBox_Color/Materials/ST'
[2015.04.01-20.30.19:045][788]Cmd: OBJ SAVEPACKAGE PACKAGE="/Game/Maps/Whitebox" FILE="../../../../../../Users/u0460100/Desktop/Duty_Bound/Saved/Autosaves/Game/Maps/Whitebox_Auto1.umap" SILENT=true AUTOSAVING=true KEEPDIRTY=false
[2015.04.01-20.30.19:560][788]LogSavePackage: Save=502.572601ms
[2015.04.01-20.30.19:560][788]LogSavePackage: Moving '../../../../../../Users/u0460100/Desktop/Duty_Bound/Saved/Whitebox_Auto1BA89CA7841D5C09659115886276806BF.tmp' to '../../../../../../Users/u0460100/Desktop/Duty_Bound/Saved/Autosaves/Game/Maps/Whitebox_Auto1.umap'
[2015.04.01-20.30.19:569][788]LogFileHelpers: Editor autosave (incl. sublevels) for '/Game/Maps/Whitebox' took 0.608
[2015.04.01-20.30.19:569][788]LogFileHelpers: Editor autosave (incl. sublevels) for all levels took 0.608
[2015.04.01-20.34.18:317][646]LogContentBrowser:Verbose: The content browser source was changed by the sources view to '/Game/Maps'
[2015.04.01-20.34.23:722][989]Cmd: OBJ SAVEPACKAGE PACKAGE="/Game/Maps/Whitebox" FILE="../../../../../../Users/u0460100/Desktop/Duty_Bound/Content/Maps/Whitebox.umap" SILENT=true AUTOSAVING=false KEEPDIRTY=false
[2015.04.01-20.34.24:290][989]LogSavePackage: Save=546.906860ms
[2015.04.01-20.34.24:290][989]LogSavePackage: Moving '../../../../../../Users/u0460100/Desktop/Duty_Bound/Saved/Whitebox766AA20344BC647628217E9B126F479F.tmp' to '../../../../../../Users/u0460100/Desktop/Duty_Bound/Content/Maps/Whitebox.umap'
[2015.04.01-20.34.24:326][989]LogFileHelpers: Saving map 'Whitebox' took 0.684
[2015.04.01-20.34.24:328][989]Cmd: MAP LOAD FILE="../../../../../../Users/u0460100/Desktop/Duty_Bound/Content/Maps/Space_Scene.umap" TEMPLATE=0 SHOWPROGRESS=1 FEATURELEVEL=3
[2015.04.01-20.34.24:328][989]LightingResults: New page: Lighting Build
[2015.04.01-20.34.24:353][989]LoadErrors: New page: Loading map: Space_Scene.umap
[2015.04.01-20.34.24:355][989]MapCheck: New page: Map Check
[2015.04.01-20.34.24:355][989]LightingResults: New page: Lighting Build
[2015.04.01-20.34.24:371][989]LogParticles: Destroying 0 GPU particle simulations for FXSystem 0x000000000D71B880
[2015.04.01-20.34.24:380][989]LogEditorServer: Finished looking for orphan Actors (0.000 secs)
[2015.04.01-20.34.24:381][989]LogAIModule: Creating AISystem for world Space_Scene
[2015.04.01-20.34.24:409][989]Cmd: MAP CHECKDEP
[2015.04.01-20.34.24:409][989]MapCheck: New page: Space_Scene - Apr 1, 2015, 8:34:24 AM
[2015.04.01-20.34.24:486][989]MapCheck: Info Map check complete: 0 Error(s), 0 Warning(s), took 77.495ms to complete.
[2015.04.01-20.34.24:486][989]LogFileHelpers: Loading map 'Space_Scene' took 0.160
[2015.04.01-20.34.26:712][156]Cmd: MAP LOAD FILE="../../../../../../Users/u0460100/Desktop/Duty_Bound/Content/Maps/Whitebox.umap" TEMPLATE=0 SHOWPROGRESS=1 FEATURELEVEL=3
[2015.04.01-20.34.26:712][156]LightingResults: New page: Lighting Build
[2015.04.01-20.34.26:738][156]LoadErrors: New page: Loading map: Whitebox.umap
[2015.04.01-20.34.26:738][156]MapCheck: New page: Map Check
[2015.04.01-20.34.26:738][156]LightingResults: New page: Lighting Build
[2015.04.01-20.34.26:769][156]LogParticles: Destroying 0 GPU particle simulations for FXSystem 0x000000002DF7A020
[2015.04.01-20.34.26:769][156]LogEditorServer: Finished looking for orphan Actors (0.000 secs)
[2015.04.01-20.34.26:771][156]LogAIModule: Creating AISystem for world Whitebox
[2015.04.01-20.34.26:800][156]Cmd: MAP CHECKDEP
[2015.04.01-20.34.26:800][156]MapCheck: New page: Whitebox - Apr 1, 2015, 8:34:26 AM
[2015.04.01-20.34.26:878][156]MapCheck: Info Map check complete: 0 Error(s), 0 Warning(s), took 78.049ms to complete.
[2015.04.01-20.34.26:878][156]LogFileHelpers: Loading map 'Whitebox' took 0.168
[2015.04.01-20.34.35:586][908]Cmd: OBJ SAVEPACKAGE PACKAGE="/Game/Maps/Cargo_Scene" FILE="../../../../../../Users/u0460100/Desktop/Duty_Bound/Content/Maps/Cargo_Scene.umap" SILENT=true AUTOSAVING=false KEEPDIRTY=false
[2015.04.01-20.34.36:015][908]LogSavePackage: Save=412.214996ms
[2015.04.01-20.34.36:015][908]LogSavePackage: Moving '../../../../../../Users/u0460100/Desktop/Duty_Bound/Saved/Cargo_Scene0AF934594B8FD21D0245C897162239E8.tmp' to '../../../../../../Users/u0460100/Desktop/Duty_Bound/Content/Maps/Cargo_Scene.umap'
[2015.04.01-20.34.36:044][908]LogFileHelpers: Saving map 'Cargo_Scene' took 0.535
[2015.04.01-20.40.29:721][881]LogContentBrowser:Verbose: The content browser source was changed by the sources view to '/Game/Characters/Cameron'
[2015.04.01-20.40.31:242][  1]LogTexture:Display: Building textures: Cameron_Top_diffuse (AutoDXT)
[2015.04.01-20.40.32:501][  1]LogTexture:Display: Building textures: Cameron_Top_specular (AutoDXT)
[2015.04.01-20.40.32:754][  1]LogTexture:Display: Building textures: Cameron_Top_normal (BC5)
[2015.04.01-20.40.32:940][  1]LogTexture:Display: Building textures: Cameron_Top_roughness (AutoDXT)
[2015.04.01-20.40.33:099][  1]LogMaterial: Missing cached shader map for material Topmat, compiling. 
[2015.04.01-20.40.33:312][  1]LogTexture:Display: Building textures: Cameron_Body_normal (BC5)
[2015.04.01-20.40.34:134][  1]LogTexture:Display: Building textures: Cameron_Body_roughness (AutoDXT)
[2015.04.01-20.40.34:818][  1]LogTexture:Display: Building textures: Cameron_Body_specular (AutoDXT)
[2015.04.01-20.40.35:901][  1]LogTexture:Display: Building textures: Cameron_Body_diffuse (AutoDXT)
[2015.04.01-20.40.41:102][  1]LogMaterial: Missing cached shader map for material Bodymat, compiling. 
[2015.04.01-20.40.41:195][  1]LogTexture:Display: Building textures: Cameron_Bottom_diffuse (AutoDXT)
[2015.04.01-20.40.42:585][  1]LogTexture:Display: Building textures: Cameron_Bottom_normal (BC5)
[2015.04.01-20.40.42:790][  1]LogTexture:Display: Building textures: Cameron_Bottom_roughness (AutoDXT)
[2015.04.01-20.40.42:994][  1]LogTexture:Display: Building textures: Cameron_Bottom_specular (AutoDXT)
[2015.04.01-20.40.43:201][  1]LogMaterial: Missing cached shader map for material Bottommat, compiling. 
[2015.04.01-20.40.43:255][  1]LogTexture:Display: Building textures: Cameron_Hair_diffuse (AutoDXT)
[2015.04.01-20.40.43:857][  1]LogTexture:Display: Building textures: Cameron_Hair_normal (BC5)
[2015.04.01-20.40.44:055][  1]LogTexture:Display: Building textures: Cameron_Hair_roughness (AutoDXT)
[2015.04.01-20.40.44:212][  1]LogTexture:Display: Building textures: Cameron_Hair_specular (AutoDXT)
[2015.04.01-20.40.44:446][  1]LogMaterial: Missing cached shader map for material Hairmat, compiling. 
[2015.04.01-20.41.21:820][623]Cmd: CAMERA ALIGN ACTIVEVIEWPORTONLY
[2015.04.01-20.41.37:281][352]Cmd: DELETE
[2015.04.01-20.41.37:281][352]Cmd: ACTOR DELETE
[2015.04.01-20.41.37:284][352]LogEditorActor: Deleted Actor: SkeletalMeshActor
[2015.04.01-20.41.37:302][352]LogEditorActor: Deleted 1 Actors (0.020 secs)
[2015.04.01-20.41.39:937][478]Cmd: OBJ SAVEPACKAGE PACKAGE="/Game/Maps/Cargo_Scene" FILE="../../../../../../Users/u0460100/Desktop/Duty_Bound/Content/Maps/Cargo_Scene.umap" SILENT=true AUTOSAVING=false KEEPDIRTY=false
[2015.04.01-20.41.40:477][478]LogSavePackage: Save=515.080627ms
[2015.04.01-20.41.40:477][478]LogSavePackage: Moving '../../../../../../Users/u0460100/Desktop/Duty_Bound/Saved/Cargo_Scene3A1B9C424ED5F13683CA488AA4F5AD5E.tmp' to '../../../../../../Users/u0460100/Desktop/Duty_Bound/Content/Maps/Cargo_Scene.umap'
[2015.04.01-20.41.40:507][478]LogFileHelpers: Saving map 'Cargo_Scene' took 0.658
[2015.04.01-20.43.11:689][267]LogContentBrowser:Verbose: The content browser source was changed by the sources view to '/Game/Maps'
[2015.04.01-20.43.15:136][564]Cmd: MAP LOAD FILE="../../../../../../Users/u0460100/Desktop/Duty_Bound/Content/Maps/Space_Scene.umap" TEMPLATE=0 SHOWPROGRESS=1 FEATURELEVEL=3
[2015.04.01-20.43.15:136][564]LightingResults: New page: Lighting Build
[2015.04.01-20.43.15:163][564]LoadErrors: New page: Loading map: Space_Scene.umap
[2015.04.01-20.43.15:164][564]MapCheck: New page: Map Check
[2015.04.01-20.43.15:164][564]LightingResults: New page: Lighting Build
[2015.04.01-20.43.15:185][564]LogParticles: Destroying 0 GPU particle simulations for FXSystem 0x000000000D0C9A80
[2015.04.01-20.43.15:185][564]LogEditorServer: Finished looking for orphan Actors (0.000 secs)
[2015.04.01-20.43.15:186][564]LogAIModule: Creating AISystem for world Space_Scene
[2015.04.01-20.43.15:215][564]Cmd: MAP CHECKDEP
[2015.04.01-20.43.15:215][564]MapCheck: New page: Space_Scene - Apr 1, 2015, 8:43:15 AM
[2015.04.01-20.43.15:301][564]MapCheck: Info Map check complete: 0 Error(s), 0 Warning(s), took 85.956ms to complete.
[2015.04.01-20.43.15:301][564]LogFileHelpers: Loading map 'Space_Scene' took 0.167
[2015.04.01-20.43.16:573][645]Cmd: MAP LOAD FILE="../../../../../../Users/u0460100/Desktop/Duty_Bound/Content/Maps/Cargo_Scene.umap" TEMPLATE=0 SHOWPROGRESS=1 FEATURELEVEL=3
[2015.04.01-20.43.16:573][645]LightingResults: New page: Lighting Build
[2015.04.01-20.43.16:599][645]LoadErrors: New page: Loading map: Cargo_Scene.umap
[2015.04.01-20.43.16:599][645]MapCheck: New page: Map Check
[2015.04.01-20.43.16:599][645]LightingResults: New page: Lighting Build
[2015.04.01-20.43.16:630][645]LogParticles: Destroying 0 GPU particle simulations for FXSystem 0x000000002EB8F7E0
[2015.04.01-20.43.16:630][645]LogEditorServer: Finished looking for orphan Actors (0.000 secs)
[2015.04.01-20.43.16:632][645]LogAIModule: Creating AISystem for world Cargo_Scene
[2015.04.01-20.43.16:662][645]Cmd: MAP CHECKDEP
[2015.04.01-20.43.16:662][645]MapCheck: New page: Cargo_Scene - Apr 1, 2015, 8:43:16 AM
[2015.04.01-20.43.16:747][645]MapCheck: Info Map check complete: 0 Error(s), 0 Warning(s), took 85.457ms to complete.
[2015.04.01-20.43.16:747][645]LogFileHelpers: Loading map 'Cargo_Scene' took 0.176
[2015.04.01-20.43.27:972][261]LogEditorViewport: Clicking on Actor (LMB): StaticMeshActor (SpaceBoxST)
[2015.04.01-20.43.31:390][497]LogEditorViewport: Clicking on Actor (LMB): StaticMeshActor (SpaceBoxST)
[2015.04.01-20.43.32:065][547]LogEditorViewport: Clicking on Actor (LMB): StaticMeshActor (SpaceBoxST)
[2015.04.01-20.44.09:251][465]LogContentBrowser:Verbose: The content browser source was changed by the sources view to '/Game/SciFi_Hallway_Elements/Props'
[2015.04.01-20.44.13:629][827]LogLinker:Warning: Can't find file '/Game/Materials/Divider_01_Masked_6'
[2015.04.01-20.44.13:629][827]LogLinker:Warning: Can't find file for asset '/Game/Materials/Divider_01_Masked_6' while loading ../../../../../../Users/u0460100/Desktop/Duty_Bound/Content/SciFi_Hallway_Elements/Props/Divider_01.uasset.
[2015.04.01-20.44.13:630][827]LoadErrors:Error: Error /Game/SciFi_Hallway_Elements/Props/Divider_01 : Can't find file for asset. /Game/Materials/Divider_01_Masked_6
[2015.04.01-20.44.13:630][827]LogLinker:Warning: Can't find file '/Game/Materials/Divider_01_Masked_6'
[2015.04.01-20.44.13:630][827]LogLinker:Warning: Can't find file for asset '/Game/Materials/Divider_01_Masked_6' while loading ../../../../../../Users/u0460100/Desktop/Duty_Bound/Content/SciFi_Hallway_Elements/Props/Divider_01.uasset.
[2015.04.01-20.44.13:631][827]LogLinker:Warning: Can't find file '/Game/Materials/Divider_01_Masked_6'
[2015.04.01-20.44.13:631][827]LoadErrors: Info Failed to load /Game/Materials/Divider_01_Masked_6.Divider_01_Masked_6 Referenced by Divider_01
[2015.04.01-20.44.13:631][827]LogLinker:Warning: Can't find file for asset '/Game/Materials/Divider_01_Masked_6' while loading NULL.
[2015.04.01-20.44.13:632][827]LogStaticMesh: Building static mesh Divider_01...
[2015.04.01-20.44.13:711][827]LogStaticMesh: Built static mesh [79.281082ms] /Game/SciFi_Hallway_Elements/Props/Divider_01.Divider_01
[2015.04.01-20.44.13:753][827]LogActorFactory: Actor Factory created Divider_01
[2015.04.01-20.44.14:714][847]LogActorFactory: Actor Factory created Divider_01
[2015.04.01-20.44.38:244][750]Cmd: DELETE
[2015.04.01-20.44.38:244][750]Cmd: ACTOR DELETE
[2015.04.01-20.44.38:247][750]LogEditorActor: Deleted Actor: StaticMeshActor
[2015.04.01-20.44.38:264][750]LogEditorActor: Deleted 1 Actors (0.020 secs)
[2015.04.01-20.44.42:861][109]LogStaticMesh: Building static mesh Dyson_Low...
[2015.04.01-20.44.43:148][109]LogStaticMesh: Built static mesh [286.990967ms] /Game/SciFi_Hallway_Elements/Props/Dyson_Low.Dyson_Low
[2015.04.01-20.44.43:288][109]LogActorFactory: Actor Factory created Dyson_Low
[2015.04.01-20.44.43:632][116]LogActorFactory: Actor Factory created Dyson_Low
[2015.04.01-20.44.45:057][232]Cmd: DELETE
[2015.04.01-20.44.45:057][232]Cmd: ACTOR DELETE
[2015.04.01-20.44.45:060][232]LogEditorActor: Deleted Actor: StaticMeshActor
[2015.04.01-20.44.45:077][232]LogEditorActor: Deleted 1 Actors (0.020 secs)
[2015.04.01-20.44.51:750][787]LogStaticMesh: Building static mesh Fusebox_01...
[2015.04.01-20.44.51:803][787]LogStaticMesh: Built static mesh [52.711895ms] /Game/SciFi_Hallway_Elements/Props/Fusebox_01.Fusebox_01
[2015.04.01-20.44.51:887][788]LogActorFactory: Actor Factory created Fusebox_01
[2015.04.01-20.44.52:938][809]LogActorFactory: Actor Factory created Fusebox_01
[2015.04.01-20.45.15:096][182]Cmd: CAMERA ALIGN ACTIVEVIEWPORTONLY
[2015.04.01-20.45.17:954][294]Cmd: DELETE
[2015.04.01-20.45.17:954][294]Cmd: ACTOR DELETE
[2015.04.01-20.45.17:957][294]LogEditorActor: Deleted Actor: StaticMeshActor
[2015.04.01-20.45.17:974][294]LogEditorActor: Deleted 1 Actors (0.020 secs)
[2015.04.01-20.45.23:639][686]LogStaticMesh: Building static mesh Glass_Divider_01...
[2015.04.01-20.45.23:684][686]LogStaticMesh: Built static mesh [45.669544ms] /Game/SciFi_Hallway_Elements/Props/Glass_Divider_01.Glass_Divider_01
[2015.04.01-20.45.23:713][686]LogActorFactory: Actor Factory created Glass_Divider_01
[2015.04.01-20.45.24:969][709]LogActorFactory: Actor Factory created Glass_Divider_01
[2015.04.01-20.45.26:743][843]Cmd: DELETE
[2015.04.01-20.45.26:743][843]Cmd: ACTOR DELETE
[2015.04.01-20.45.26:746][843]LogEditorActor: Deleted Actor: StaticMeshActor
[2015.04.01-20.45.26:763][843]LogEditorActor: Deleted 1 Actors (0.020 secs)
[2015.04.01-20.45.30:335][129]LogStaticMesh: Building static mesh Office_Room_01...
[2015.04.01-20.45.30:417][129]LogStaticMesh: Built static mesh [81.957741ms] /Game/SciFi_Hallway_Elements/Props/Office_Room_01.Office_Room_01
[2015.04.01-20.45.30:455][129]LogActorFactory: Actor Factory created Office_Room_01
[2015.04.01-20.45.31:790][153]LogActorFactory: Actor Factory created Office_Room_01
[2015.04.01-20.45.32:943][241]Cmd: DELETE
[2015.04.01-20.45.32:943][241]Cmd: ACTOR DELETE
[2015.04.01-20.45.32:947][241]LogEditorActor: Deleted Actor: StaticMeshActor
[2015.04.01-20.45.32:963][241]LogEditorActor: Deleted 1 Actors (0.020 secs)
[2015.04.01-20.45.34:568][362]LogStaticMesh: Building static mesh Pipe_01...
[2015.04.01-20.45.34:611][362]LogStaticMesh: Built static mesh [43.797729ms] /Game/SciFi_Hallway_Elements/Props/Pipe_01.Pipe_01
[2015.04.01-20.45.34:640][362]LogActorFactory: Actor Factory created Pipe_01
[2015.04.01-20.45.35:636][380]LogActorFactory: Actor Factory created Pipe_01
[2015.04.01-20.45.36:233][417]Cmd: DELETE
[2015.04.01-20.45.36:233][417]Cmd: ACTOR DELETE
[2015.04.01-20.45.36:236][417]LogEditorActor: Deleted Actor: StaticMeshActor
[2015.04.01-20.45.36:253][417]LogEditorActor: Deleted 1 Actors (0.020 secs)
[2015.04.01-20.45.42:025][896]LogStaticMesh: Building static mesh Prop_FireExtinguisher_01...
[2015.04.01-20.45.42:071][896]LogStaticMesh: Built static mesh [46.155163ms] /Game/SciFi_Hallway_Elements/Props/Prop_FireExtinguisher_01.Prop_FireExtinguisher_01
[2015.04.01-20.45.42:098][896]LogActorFactory: Actor Factory created Prop_FireExtinguisher_01
[2015.04.01-20.45.42:990][912]LogActorFactory: Actor Factory created Prop_FireExtinguisher_01
[2015.04.01-20.45.43:480][939]Cmd: DELETE
[2015.04.01-20.45.43:480][939]Cmd: ACTOR DELETE
[2015.04.01-20.45.43:484][939]LogEditorActor: Deleted Actor: StaticMeshActor
[2015.04.01-20.45.43:501][939]LogEditorActor: Deleted 1 Actors (0.020 secs)
[2015.04.01-20.45.46:858][209]LogStaticMesh: Building static mesh Sprinkler...
[2015.04.01-20.45.46:903][209]LogStaticMesh: Built static mesh [45.654953ms] /Game/SciFi_Hallway_Elements/Props/Sprinkler.Sprinkler
[2015.04.01-20.45.46:939][209]LogActorFactory: Actor Factory created Sprinkler
[2015.04.01-20.45.48:890][245]LogActorFactory: Actor Factory created Sprinkler
[2015.04.01-20.45.49:283][271]Cmd: DELETE
[2015.04.01-20.45.49:284][271]Cmd: ACTOR DELETE
[2015.04.01-20.45.49:287][271]LogEditorActor: Deleted Actor: StaticMeshActor
[2015.04.01-20.45.49:304][271]LogEditorActor: Deleted 1 Actors (0.020 secs)
[2015.04.01-20.45.52:747][530]LogLinker:Warning: Can't find file '/Game/Materials/Tile_01_Masked'
[2015.04.01-20.45.52:747][530]LogLinker:Warning: Can't find file for asset '/Game/Materials/Tile_01_Masked' while loading ../../../../../../Users/u0460100/Desktop/Duty_Bound/Content/SciFi_Hallway_Elements/Props/Tile_01_Rescaled.uasset.
[2015.04.01-20.45.52:747][530]LoadErrors:Error: Error /Game/SciFi_Hallway_Elements/Props/Tile_01_Rescaled : Can't find file for asset. /Game/Materials/Tile_01_Masked
[2015.04.01-20.45.52:747][530]LogLinker:Warning: Can't find file '/Game/Materials/Tile_01_Masked'
[2015.04.01-20.45.52:747][530]LogLinker:Warning: Can't find file for asset '/Game/Materials/Tile_01_Masked' while loading ../../../../../../Users/u0460100/Desktop/Duty_Bound/Content/SciFi_Hallway_Elements/Props/Tile_01_Rescaled.uasset.
[2015.04.01-20.45.52:748][530]LogLinker:Warning: Can't find file '/Game/Materials/Tile_01_Masked'
[2015.04.01-20.45.52:749][530]LoadErrors: Info Failed to load /Game/Materials/Tile_01_Masked.Tile_01_Masked Referenced by Tile_01_Rescaled
[2015.04.01-20.45.52:749][530]LogLinker:Warning: Can't find file for asset '/Game/Materials/Tile_01_Masked' while loading NULL.
[2015.04.01-20.45.52:749][530]LogStaticMesh: Building static mesh Tile_01_Rescaled...
[2015.04.01-20.45.52:818][530]LogStaticMesh: Built static mesh [69.529823ms] /Game/SciFi_Hallway_Elements/Props/Tile_01_Rescaled.Tile_01_Rescaled
[2015.04.01-20.45.52:852][530]LogActorFactory: Actor Factory created Tile_01_Rescaled
[2015.04.01-20.45.54:223][555]LogActorFactory: Actor Factory created Tile_01_Rescaled
[2015.04.01-20.45.54:689][587]Cmd: DELETE
[2015.04.01-20.45.54:689][587]Cmd: ACTOR DELETE
[2015.04.01-20.45.54:692][587]LogEditorActor: Deleted Actor: StaticMeshActor
[2015.04.01-20.45.54:709][587]LogEditorActor: Deleted 1 Actors (0.020 secs)
[2015.04.01-20.47.02:374][962]Cmd: OBJ SAVEPACKAGE PACKAGE="/Game/Maps/Cargo_Scene" FILE="../../../../../../Users/u0460100/Desktop/Duty_Bound/Content/Maps/Cargo_Scene.umap" SILENT=true AUTOSAVING=false KEEPDIRTY=false
[2015.04.01-20.47.02:913][962]LogSavePackage: Save=513.339111ms
[2015.04.01-20.47.02:913][962]LogSavePackage: Moving '../../../../../../Users/u0460100/Desktop/Duty_Bound/Saved/Cargo_SceneB79EB5384AB9668DD3EA9BA4DE5E1274.tmp' to '../../../../../../Users/u0460100/Desktop/Duty_Bound/Content/Maps/Cargo_Scene.umap'
[2015.04.01-20.47.02:948][962]LogFileHelpers: Saving map 'Cargo_Scene' took 0.663
[2015.04.01-20.47.05:161][115]Cmd: QUIT_EDITOR
[2015.04.01-20.47.05:381][115]LogExit: Preparing to exit.
[2015.04.01-20.47.06:491][115]LogExit: Editor shut down
[2015.04.01-20.47.06:505][115]LogExit: Transaction tracking system shut down
[2015.04.01-20.47.06:505][115]LogParticles: Destroying 0 GPU particle simulations for FXSystem 0x000000000D0CAB60
[2015.04.01-20.47.06:505][115]LogParticles: Destroying 0 GPU particle simulations for FXSystem 0x000000000D857EC0
[2015.04.01-20.47.06:505][115]LogParticles: Destroying 0 GPU particle simulations for FXSystem 0x000000000D857880
[2015.04.01-20.47.06:506][115]LogParticles: Destroying 0 GPU particle simulations for FXSystem 0x0000000039C9A0C0
[2015.04.01-20.47.06:506][115]LogParticles: Destroying 0 GPU particle simulations for FXSystem 0x000000000DA8DBC0
[2015.04.01-20.47.06:572][115]LogExit: Object subsystem successfully closed.
[2015.04.01-20.47.06:619][115]LogModuleManager: Shutting down and abandoning module SynthBenchmark (178)
[2015.04.01-20.47.06:619][115]LogModuleManager: Shutting down and abandoning module CrashTracker (177)
[2015.04.01-20.47.06:619][115]LogModuleManager: Shutting down and abandoning module SuperSearch (176)
[2015.04.01-20.47.06:619][115]LogModuleManager: Shutting down and abandoning module SceneOutliner (175)
[2015.04.01-20.47.06:619][115]LogModuleManager: Shutting down and abandoning module EditorWidgets (174)
[2015.04.01-20.47.06:619][115]LogModuleManager: Shutting down and abandoning module CollectionManager (173)
[2015.04.01-20.47.06:619][115]LogModuleManager: Shutting down and abandoning module StatsViewer (172)
[2015.04.01-20.47.06:619][115]LogModuleManager: Shutting down and abandoning module FoliageEdit (171)
[2015.04.01-20.47.06:619][115]LogModuleManager: Shutting down and abandoning module LandscapeEditor (170)
[2015.04.01-20.47.06:619][115]LogModuleManager: Shutting down and abandoning module MeshPaint (169)
[2015.04.01-20.47.06:619][115]LogModuleManager: Shutting down and abandoning module ActorPickerMode (168)
[2015.04.01-20.47.06:619][115]LogModuleManager: Shutting down and abandoning module GeometryMode (167)
[2015.04.01-20.47.06:619][115]LogModuleManager: Shutting down and abandoning module TextureAlignMode (166)
[2015.04.01-20.47.06:619][115]LogModuleManager: Shutting down and abandoning module BspMode (165)
[2015.04.01-20.47.06:619][115]LogModuleManager: Shutting down and abandoning module PlacementMode (164)
[2015.04.01-20.47.06:619][115]LogModuleManager: Shutting down and abandoning module AutomationWorker (163)
[2015.04.01-20.47.06:619][115]LogModuleManager: Shutting down and abandoning module CharacterAI (162)
[2015.04.01-20.47.06:619][115]LogModuleManager: Shutting down and abandoning module SmartSnapping (161)
[2015.04.01-20.47.06:619][115]LogModuleManager: Shutting down and abandoning module ViewportSnapping (160)
[2015.04.01-20.47.06:619][115]LogModuleManager: Shutting down and abandoning module LogVisualizer (159)
[2015.04.01-20.47.06:619][115]LogModuleManager: Shutting down and abandoning module GameProjectGeneration (158)
[2015.04.01-20.47.06:619][115]LogModuleManager: Shutting down and abandoning module IntroTutorials (157)
[2015.04.01-20.47.06:619][115]LogModuleManager: Shutting down and abandoning module EditorLiveStreaming (156)
[2015.04.01-20.47.06:619][115]LogModuleManager: Shutting down and abandoning module HardwareTargeting (155)
[2015.04.01-20.47.06:619][115]LogModuleManager: Shutting down and abandoning module DeviceProfileEditor (154)
[2015.04.01-20.47.06:619][115]LogModuleManager: Shutting down and abandoning module UndoHistory (153)
[2015.04.01-20.47.06:619][115]LogModuleManager: Shutting down and abandoning module GameplayTagsEditor (152)
[2015.04.01-20.47.06:619][115]LogModuleManager: Shutting down and abandoning module UserFeedback (151)
[2015.04.01-20.47.06:619][115]LogModuleManager: Shutting down and abandoning module XmlParser (150)
[2015.04.01-20.47.06:619][115]LogModuleManager: Shutting down and abandoning module Blutility (149)
[2015.04.01-20.47.06:619][115]LogModuleManager: Shutting down and abandoning module IOSPlatformEditor (148)
[2015.04.01-20.47.06:619][115]LogModuleManager: Shutting down and abandoning module IOSRuntimeSettings (147)
[2015.04.01-20.47.06:619][115]LogModuleManager: Shutting down and abandoning module AndroidDeviceDetection (146)
[2015.04.01-20.47.07:506][115]LogModuleManager: Shutting down and abandoning module AndroidPlatformEditor (145)
[2015.04.01-20.47.07:506][115]LogModuleManager: Shutting down and abandoning module AndroidRuntimeSettings (144)
[2015.04.01-20.47.07:506][115]LogModuleManager: Shutting down and abandoning module ProjectTargetPlatformEditor (143)
[2015.04.01-20.47.07:506][115]LogModuleManager: Shutting down and abandoning module ProjectSettingsViewer (142)
[2015.04.01-20.47.07:506][115]LogModuleManager: Shutting down and abandoning module InputBindingEditor (141)
[2015.04.01-20.47.07:506][115]LogModuleManager: Shutting down and abandoning module EditorSettingsViewer (140)
[2015.04.01-20.47.07:506][115]LogModuleManager: Shutting down and abandoning module SettingsEditor (139)
[2015.04.01-20.47.07:506][115]LogModuleManager: Shutting down and abandoning module ProjectLauncher (138)
[2015.04.01-20.47.07:506][115]LogModuleManager: Shutting down and abandoning module SessionFrontend (137)
[2015.04.01-20.47.07:506][115]LogModuleManager: Shutting down and abandoning module ProfilerClient (136)
[2015.04.01-20.47.07:506][115]LogModuleManager: Shutting down and abandoning module TargetDeviceServices (135)
[2015.04.01-20.47.07:506][115]LogModuleManager: Shutting down and abandoning module DeviceManager (134)
[2015.04.01-20.47.07:506][115]LogModuleManager: Shutting down and abandoning module AutomationController (133)
[2015.04.01-20.47.07:506][115]LogModuleManager: Shutting down and abandoning module AutomationWindow (132)
[2015.04.01-20.47.07:506][115]LogModuleManager: Shutting down and abandoning module Layers (131)
[2015.04.01-20.47.07:507][115]LogModuleManager: Shutting down and abandoning module ComponentVisualizers (130)
[2015.04.01-20.47.07:507][115]LogModuleManager: Shutting down and abandoning module DetailCustomizations (129)
[2015.04.01-20.47.07:507][115]LogModuleManager: Shutting down and abandoning module PackagesDialog (128)
[2015.04.01-20.47.07:507][115]LogModuleManager: Shutting down and abandoning module AssetRegistry (127)
[2015.04.01-20.47.07:538][115]LogModuleManager: Shutting down and abandoning module Persona (126)
[2015.04.01-20.47.07:538][115]LogModuleManager: Shutting down and abandoning module SlateReflector (125)
[2015.04.01-20.47.07:538][115]LogModuleManager: Shutting down and abandoning module LevelEditor (124)
[2015.04.01-20.47.07:539][115]LogModuleManager: Shutting down and abandoning module Kismet (123)
[2015.04.01-20.47.07:539][115]LogModuleManager: Shutting down and abandoning module GraphEditor (122)
[2015.04.01-20.47.07:539][115]LogModuleManager: Shutting down and abandoning module ClassViewer (121)
[2015.04.01-20.47.07:539][115]LogModuleManager: Shutting down and abandoning module Toolbox (120)
[2015.04.01-20.47.07:539][115]LogModuleManager: Shutting down and abandoning module ModuleUI (119)
[2015.04.01-20.47.07:539][115]LogModuleManager: Shutting down and abandoning module MovieSceneTools (118)
[2015.04.01-20.47.07:539][115]LogModuleManager: Shutting down and abandoning module OutputLog (117)
[2015.04.01-20.47.07:539][115]LogModuleManager: Shutting down and abandoning module GammaUI (116)
[2015.04.01-20.47.07:539][115]LogModuleManager: Shutting down and abandoning module Documentation (115)
[2015.04.01-20.47.07:539][115]LogModuleManager: Shutting down and abandoning module GameLiveStreaming (114)
[2015.04.01-20.47.07:539][115]LogModuleManager: Shutting down and abandoning module StreamingPauseRendering (113)
[2015.04.01-20.47.07:539][115]LogModuleManager: Shutting down and abandoning module HTTP (112)
[2015.04.01-20.47.07:540][115]LogModuleManager: Shutting down and abandoning module AnalyticsET (111)
[2015.04.01-20.47.07:540][115]LogModuleManager: Shutting down and abandoning module Analytics (110)
[2015.04.01-20.47.07:540][115]LogModuleManager: Shutting down and abandoning module AITestSuite (109)
[2015.04.01-20.47.07:540][115]LogModuleManager: Shutting down and abandoning module GameplayDebugger (108)
[2015.04.01-20.47.07:540][115]LogModuleManager: Shutting down and abandoning module AIModule (107)
[2015.04.01-20.47.07:540][115]LogModuleManager: Shutting down and abandoning module ProfilerService (106)
[2015.04.01-20.47.07:601][115]LogModuleManager: Shutting down and abandoning module TaskGraph (105)
[2015.04.01-20.47.07:601][115]LogModuleManager: Shutting down and abandoning module SlateRemote (104)
[2015.04.01-20.47.07:601][115]LogModuleManager: Shutting down and abandoning module ScriptEditorPlugin (103)
[2015.04.01-20.47.07:601][115]LogModuleManager: Shutting down and abandoning module CustomMeshComponent (102)
[2015.04.01-20.47.07:601][115]LogModuleManager: Shutting down and abandoning module CableComponent (101)
[2015.04.01-20.47.07:601][115]LogModuleManager: Shutting down and abandoning module MessagingDebugger (100)
[2015.04.01-20.47.07:601][115]LogModuleManager: Shutting down and abandoning module MediaPlayerEditor (99)
[2015.04.01-20.47.07:601][115]LogModuleManager: Shutting down and abandoning module SpeedTreeImporter (98)
[2015.04.01-20.47.07:601][115]LogModuleManager: Shutting down and abandoning module PluginsEditor (97)
[2015.04.01-20.47.07:601][115]LogModuleManager: Shutting down and abandoning module MainFrame (96)
[2015.04.01-20.47.07:601][115]LogModuleManager: Shutting down and abandoning module EpicSurvey (95)
[2015.04.01-20.47.07:601][115]LogModuleManager: Shutting down and abandoning module DesktopPlatform (94)
[2015.04.01-20.47.07:601][115]LogModuleManager: Shutting down and abandoning module DirectoryWatcher (93)
[2015.04.01-20.47.07:601][115]LogModuleManager: Shutting down and abandoning module HotReload (92)
[2015.04.01-20.47.07:601][115]LogModuleManager: Shutting down and abandoning module VisualStudioSourceCodeAccess (91)
[2015.04.01-20.47.07:601][115]LogModuleManager: Shutting down and abandoning module UObjectPlugin (90)
[2015.04.01-20.47.07:601][115]LogModuleManager: Shutting down and abandoning module SubversionSourceControl (89)
[2015.04.01-20.47.07:601][115]LogModuleManager: Shutting down and abandoning module PerforceSourceControl (88)
[2015.04.01-20.47.07:601][115]LogModuleManager: Shutting down and abandoning module SourceControl (87)
[2015.04.01-20.47.07:601][115]LogModuleManager: Shutting down and abandoning module GitSourceControl (86)
[2015.04.01-20.47.07:601][115]LogModuleManager: Shutting down and abandoning module BlankPlugin (85)
[2015.04.01-20.47.07:601][115]LogModuleManager: Shutting down and abandoning module PaperTiledImporter (84)
[2015.04.01-20.47.07:601][115]LogModuleManager: Shutting down and abandoning module PaperJsonImporter (83)
[2015.04.01-20.47.07:601][115]LogModuleManager: Shutting down and abandoning module ContentBrowser (82)
[2015.04.01-20.47.07:602][115]LogModuleManager: Shutting down and abandoning module Paper2DEditor (81)
[2015.04.01-20.47.07:602][115]LogModuleManager: Shutting down and abandoning module ScriptPlugin (80)
[2015.04.01-20.47.07:602][115]LogModuleManager: Shutting down and abandoning module UdpMessaging (79)
[2015.04.01-20.47.07:702][115]LogModuleManager: Shutting down and abandoning module Paper2D (78)
[2015.04.01-20.47.07:702][115]LogModuleManager: Shutting down and abandoning module WindowsMoviePlayer (77)
[2015.04.01-20.47.07:705][115]LogModuleManager: Shutting down and abandoning module Media (76)
[2015.04.01-20.47.07:705][115]LogModuleManager: Shutting down and abandoning module WmfMedia (75)
[2015.04.01-20.47.07:706][115]LogModuleManager: Shutting down and abandoning module OnlineBlueprintSupport (74)
[2015.04.01-20.47.07:706][115]LogModuleManager: Shutting down and abandoning module PropertyEditor (73)
[2015.04.01-20.47.07:706][115]LogModuleManager: Shutting down and abandoning module BehaviorTreeEditor (72)
[2015.04.01-20.47.07:706][115]LogModuleManager: Shutting down and abandoning module FunctionalTesting (71)
[2015.04.01-20.47.07:706][115]LogModuleManager: Shutting down and abandoning module CollisionAnalyzer (70)
[2015.04.01-20.47.07:706][115]LogModuleManager: Shutting down and abandoning module WorkspaceMenuStructure (69)
[2015.04.01-20.47.07:706][115]LogModuleManager: Shutting down and abandoning module MessageLog (68)
[2015.04.01-20.47.07:706][115]LogModuleManager: Shutting down and abandoning module Sequencer (67)
[2015.04.01-20.47.07:706][115]LogModuleManager: Shutting down and abandoning module AssetTools (66)
[2015.04.01-20.47.07:706][115]LogModuleManager: Shutting down and abandoning module UMGEditor (65)
[2015.04.01-20.47.07:706][115]LogModuleManager: Shutting down and abandoning module UMG (64)
[2015.04.01-20.47.07:706][115]LogModuleManager: Shutting down and abandoning module Slate (63)
[2015.04.01-20.47.07:706][115]LogModuleManager: Shutting down and abandoning module EditorStyle (62)
[2015.04.01-20.47.07:710][115]LogModuleManager: Shutting down and abandoning module SessionServices (61)
[2015.04.01-20.47.07:710][115]LogModuleManager: Shutting down and abandoning module SourceCodeAccess (60)
[2015.04.01-20.47.07:710][115]LogModuleManager: Shutting down and abandoning module HeadMountedDisplay (59)
[2015.04.01-20.47.07:710][115]LogModuleManager: Shutting down and abandoning module XAudio2 (58)
[2015.04.01-20.47.07:710][115]LogModuleManager: Shutting down and abandoning module Networking (56)
[2015.04.01-20.47.07:710][115]LogModuleManager: Shutting down and abandoning module Core (55)
[2015.04.01-20.47.07:710][115]LogModuleManager: Shutting down and abandoning module KismetCompiler (54)
[2015.04.01-20.47.07:710][115]LogModuleManager: Shutting down and abandoning module PhysXFormats (53)
[2015.04.01-20.47.07:710][115]LogModuleManager: Shutting down and abandoning module MeshUtilities (52)
[2015.04.01-20.47.07:710][115]LogModuleManager: Shutting down and abandoning module DerivedDataCache (51)
[2015.04.01-20.47.07:728][115]LogDerivedDataCache: Shutdown
[2015.04.01-20.47.07:728][115]LogModuleManager: Shutting down and abandoning module ShaderFormatOpenGL (50)
[2015.04.01-20.47.07:728][115]LogModuleManager: Shutting down and abandoning module ShaderFormatD3D (49)
[2015.04.01-20.47.07:728][115]LogModuleManager: Shutting down and abandoning module MetalShaderFormat (48)
[2015.04.01-20.47.07:728][115]LogModuleManager: Shutting down and abandoning module TextureFormatUncompressed (47)
[2015.04.01-20.47.07:728][115]LogModuleManager: Shutting down and abandoning module TextureFormatPVR (46)
[2015.04.01-20.47.07:728][115]LogModuleManager: Shutting down and abandoning module TextureFormatIntelISPCTexComp (45)
[2015.04.01-20.47.07:728][115]LogModuleManager: Shutting down and abandoning module TextureFormatDXT (44)
[2015.04.01-20.47.07:728][115]LogModuleManager: Shutting down and abandoning module ImageWrapper (43)
[2015.04.01-20.47.07:728][115]LogModuleManager: Shutting down and abandoning module TextureFormatASTC (42)
[2015.04.01-20.47.07:728][115]LogModuleManager: Shutting down and abandoning module TextureFormatAndroid (41)
[2015.04.01-20.47.07:728][115]LogModuleManager: Shutting down and abandoning module AudioFormatOpus (40)
[2015.04.01-20.47.07:728][115]LogModuleManager: Shutting down and abandoning module AudioFormatOgg (39)
[2015.04.01-20.47.07:728][115]LogModuleManager: Shutting down and abandoning module AudioFormatADPCM (38)
[2015.04.01-20.47.07:728][115]LogModuleManager: Shutting down and abandoning module LinuxTargetPlatform (37)
[2015.04.01-20.47.07:728][115]LogModuleManager: Shutting down and abandoning module LinuxServerTargetPlatform (36)
[2015.04.01-20.47.07:728][115]LogModuleManager: Shutting down and abandoning module LinuxNoEditorTargetPlatform (35)
[2015.04.01-20.47.07:728][115]LogModuleManager: Shutting down and abandoning module Messaging (34)
[2015.04.01-20.47.07:728][115]LogModuleManager: Shutting down and abandoning module IOSTargetPlatform (33)
[2015.04.01-20.47.07:728][115]LogModuleManager: Shutting down and abandoning module HTML5TargetPlatform (32)
[2015.04.01-20.47.07:728][115]LogModuleManager: Shutting down and abandoning module Android_PVRTCTargetPlatform (31)
[2015.04.01-20.47.07:728][115]LogModuleManager: Shutting down and abandoning module Android_ETC2TargetPlatform (30)
[2015.04.01-20.47.07:728][115]LogModuleManager: Shutting down and abandoning module Android_ETC1TargetPlatform (29)
[2015.04.01-20.47.07:728][115]LogModuleManager: Shutting down and abandoning module Android_ES31TargetPlatform (28)
[2015.04.01-20.47.07:728][115]LogModuleManager: Shutting down and abandoning module Android_DXTTargetPlatform (27)
[2015.04.01-20.47.07:728][115]LogModuleManager: Shutting down and abandoning module Android_ATCTargetPlatform (26)
[2015.04.01-20.47.07:728][115]LogModuleManager: Shutting down and abandoning module AndroidTargetPlatform (25)
[2015.04.01-20.47.07:728][115]LogModuleManager: Shutting down and abandoning module WindowsTargetPlatform (24)
[2015.04.01-20.47.07:728][115]LogModuleManager: Shutting down and abandoning module WindowsServerTargetPlatform (23)
[2015.04.01-20.47.07:728][115]LogModuleManager: Shutting down and abandoning module WindowsNoEditorTargetPlatform (22)
[2015.04.01-20.47.07:728][115]LogModuleManager: Shutting down and abandoning module WindowsClientTargetPlatform (21)
[2015.04.01-20.47.07:728][115]LogModuleManager: Shutting down and abandoning module TargetPlatform (20)
[2015.04.01-20.47.07:728][115]LogModuleManager: Shutting down and abandoning module InputCore (19)
[2015.04.01-20.47.07:728][115]LogModuleManager: Shutting down and abandoning module Settings (18)
[2015.04.01-20.47.07:728][115]LogModuleManager: Shutting down and abandoning module OnlineSubsystem (16)
[2015.04.01-20.47.07:728][115]LogModuleManager: Shutting down and abandoning module OculusRift (15)
[2015.04.01-20.47.07:728][115]LogModuleManager: Shutting down and abandoning module ExampleDeviceProfileSelector (14)
[2015.04.01-20.47.07:728][115]LogModuleManager: Shutting down and abandoning module TextureCompressor (13)
[2015.04.01-20.47.07:728][115]LogModuleManager: Shutting down and abandoning module ShaderCore (12)
[2015.04.01-20.47.07:728][115]LogModuleManager: Shutting down and abandoning module Landscape (11)
[2015.04.01-20.47.07:729][115]LogModuleManager: Shutting down and abandoning module SlateRHIRenderer (10)
[2015.04.01-20.47.07:731][115]LogModuleManager: Shutting down and abandoning module OpenGLDrv (9)
[2015.04.01-20.47.07:731][115]LogModuleManager: Shutting down and abandoning module D3D11RHI (8)
[2015.04.01-20.47.07:731][115]LogModuleManager: Shutting down and abandoning module Renderer (7)
[2015.04.01-20.47.07:731][115]LogModuleManager: Shutting down and abandoning module Engine (6)
[2015.04.01-20.47.07:731][115]LogModuleManager: Shutting down and abandoning module CoreUObject (5)
[2015.04.01-20.47.07:731][115]LogModuleManager: Shutting down and abandoning module NetworkFile (4)
[2015.04.01-20.47.07:731][115]LogModuleManager: Shutting down and abandoning module StreamingFile (3)
[2015.04.01-20.47.07:731][115]LogModuleManager: Shutting down and abandoning module SandboxFile (2)
[2015.04.01-20.47.07:731][115]LogModuleManager: Shutting down and abandoning module PakFile (1)
[2015.04.01-20.47.07:732][115]LogExit: Exiting.
[2015.04.01-20.47.07:749][115]Log file closed, 04/01/15 14:47:07
