Log file open, 04/01/15 15:23:42
LogInit:Display: Running engine for game: Duty_Bound
LogInit: Version: 4.7.3-2479750+++depot+UE4-Releases+4.7
LogInit: API Version: 2455222
LogInit: Compiled (64-bit): Mar 15 2015 23:20:45
LogInit: Compiled with Visual C++: 18.00.21005.01
LogInit: Build Configuration: Development
LogInit: Branch Name: ++depot+UE4-Releases+4.7
LogInit: Command line: 
LogInit: Base directory: C:/Program Files/Unreal Engine/4.7/Engine/Binaries/Win64/
LogInit: Rocket: 1
[2015.04.01-21.23.42:495][  0]LogTaskGraph: Started task graph with 3 named threads and 6 total threads.
[2015.04.01-21.23.42:547][  0]LogOnline:Warning: No default platform service specified for OnlineSubsystem
[2015.04.01-21.23.42:561][  0]LogInit: Presizing for 0 objects not considered by GC, pre-allocating 0 bytes.
[2015.04.01-21.23.42:571][  0]LogInit: Object subsystem initialized
[2015.04.01-21.23.42:573][  0]LogConsoleResponse:Warning: Skipping Unknown console variable: 'TranslucentSortAxis = (X=0.000000,Y=-1.000000,Z=0.000000)'
[2015.04.01-21.23.42:573][  0]LogConsoleResponse:Warning:   Found in ini file 'C:/Users/u0460100/Desktop/Duty_Bound/Saved/Config/Windows/Engine.ini', in section '[/Script/Engine.RendererSettings]'
[2015.04.01-21.23.42:573][  0]LogConsoleResponse:Warning: Skipping Unknown console variable: 'UIScaleRule = ShortestSide'
[2015.04.01-21.23.42:573][  0]LogConsoleResponse:Warning:   Found in ini file 'C:/Users/u0460100/Desktop/Duty_Bound/Saved/Config/Windows/Engine.ini', in section '[/Script/Engine.RendererSettings]'
[2015.04.01-21.23.42:573][  0]LogConsoleResponse:Warning: Skipping Unknown console variable: 'UIScaleCurve = (EditorCurveData=(Keys=),ExternalCurve=None)'
[2015.04.01-21.23.42:573][  0]LogConsoleResponse:Warning:   Found in ini file 'C:/Users/u0460100/Desktop/Duty_Bound/Saved/Config/Windows/Engine.ini', in section '[/Script/Engine.RendererSettings]'
[2015.04.01-21.23.42:573][  0]LogInit: Selected Device Profile: [Windows]
[2015.04.01-21.23.42:573][  0]LogInit: Applying CVar settings loaded from the selected device profile: [Windows]
[2015.04.01-21.23.42:579][  0]LogInit: Computer: TCPC-43
[2015.04.01-21.23.42:579][  0]LogInit: User: u0460100
[2015.04.01-21.23.42:579][  0]LogInit: CPU Page size=4096, Cores=4
[2015.04.01-21.23.42:579][  0]LogInit: High frequency timer resolution =3.906367 MHz
[2015.04.01-21.23.42:579][  0]LogMemory: Memory total: Physical=8.0GB (8GB approx) Virtual=8192.0GB
[2015.04.01-21.23.42:579][  0]LogMemory: Platform Memory Stats for Windows
[2015.04.01-21.23.42:579][  0]LogMemory: Process Physical Memory: 47.95 MB used, 47.95 MB peak
[2015.04.01-21.23.42:579][  0]LogMemory: Process Virtual Memory: 26.48 MB used, 26.49 MB peak
[2015.04.01-21.23.42:579][  0]LogMemory: Physical Memory: 4018.80 MB used, 8173.54 MB total
[2015.04.01-21.23.42:579][  0]LogMemory: Virtual Memory: 278.20 MB used, 8388608.00 MB total
[2015.04.01-21.23.42:607][  0]LogD3D11RHI: Found D3D11 adapter 0: NVIDIA GeForce GT 630 (Feature Level 11_0)
[2015.04.01-21.23.42:607][  0]LogD3D11RHI: Adapter has 978MB of dedicated video memory, 0MB of dedicated system memory, and 3071MB of shared system memory, 1 output[s]
[2015.04.01-21.23.42:607][  0]LogD3D11RHI: Chosen D3D11 Adapter Id = 0
[2015.04.01-21.23.42:613][  0]LogRHI: Texture pool is 684 MB (70% of 978 MB)
[2015.04.01-21.23.42:621][  0]LogD3D11RHI: Async texture creation enabled
[2015.04.01-21.23.42:678][  0]LogTextLocalizationManager: The requested culture ('en_US') has no localization data; parent culture's ('en') localization data will be used.
[2015.04.01-21.23.42:743][  0]LogTextLocalizationManager:Warning: Loading localization resources contain conflicting entries for (Namespace:UICommands, Key:Save_ToolTip):
Resource: (C:/Program Files/Unreal Engine/4.7/Engine/Content/Localization/Editor/en/Editor.locres) Hash: (-29098895) String: (Saves the current level to disk)
Resource: (C:/Program Files/Unreal Engine/4.7/Engine/Content/Localization/Engine/en/Engine.locres) Hash: (-1280300587) String: (Save selected data to vlog file)
[2015.04.01-21.23.42:743][  0]LogTextLocalizationManager:Warning: Loading localization resources contain conflicting entries for (Namespace:ContentBrowser, Key:ImportAssetToolTip):
Resource: (C:/Program Files/Unreal Engine/4.7/Engine/Content/Localization/Editor/en/Editor.locres) Hash: (-630476809) String: (Import to {0}...)
Resource: (C:/Program Files/Unreal Engine/4.7/Engine/Content/Localization/Editor/en/Editor.locres) Hash: (1271782899) String: (Imports an asset from file to this folder.)
[2015.04.01-21.23.42:834][  0]LogContentStreaming: Texture pool size is 0.000000MB
[2015.04.01-21.23.45:029][  0]LogTargetPlatformManager:Display: Building Assets For Windows
[2015.04.01-21.23.45:555][  0]LogTargetPlatformManager:Display: Building Assets For Windows
[2015.04.01-21.23.45:619][  0]LogDerivedDataCache:Display: Max Cache Size: 512 MB
[2015.04.01-21.23.45:683][  0]LogDerivedDataCache: Loaded boot cache 0.06s 39MB C:/Users/u0460100/AppData/Local/UnrealEngine/4.7/DerivedDataCache/Boot.ddc.
[2015.04.01-21.23.45:683][  0]LogDerivedDataCache:Display: Loaded Boot cache: C:/Users/u0460100/AppData/Local/UnrealEngine/4.7/DerivedDataCache/Boot.ddc
[2015.04.01-21.23.45:683][  0]LogDerivedDataCache: FDerivedDataBackendGraph:  Pak pak cache file ../../../../../../Users/u0460100/Desktop/Duty_Bound/DerivedDataCache/DDC.ddp not found, will not use a pak cache.
[2015.04.01-21.23.45:683][  0]LogDerivedDataCache: Unable to find inner node Pak for hierarchical cache Hierarchy.
[2015.04.01-21.23.45:804][  0]LogDerivedDataCache:Display: Pak cache opened for reading ../../../Engine/DerivedDataCache/Compressed.ddp.
[2015.04.01-21.23.45:816][  0]LogDerivedDataCache: Using Local data cache path C:/Users/u0460100/AppData/Local/UnrealEngine/Common/DerivedDataCache: Writable
[2015.04.01-21.23.46:147][  0]LogMeshUtilities: No automatic mesh reduction module available
[2015.04.01-21.23.46:147][  0]LogMeshUtilities: No automatic mesh merging module available
[2015.04.01-21.23.46:545][  0]LogInit: WinSock: version 1.1 (2.2), MaxSocks=32767, MaxUdp=65467
[2015.04.01-21.23.46:625][  0]LogSlate:Warning: Failed to load font data from '../../../Engine/Content/Slate/Fonts/Roboto-Italic.ttf'
[2015.04.01-21.23.47:456][  0]UdpMessaging: Initializing bridge on interface 0.0.0.0:0 to multicast group 230.0.0.1:6666.
[2015.04.01-21.23.47:657][  0]SourceControl: Info Source control is disabled
[2015.04.01-21.23.47:657][  0]SourceControl: Info Source control is disabled
[2015.04.01-21.23.47:657][  0]SourceControl: Info Source control is disabled
[2015.04.01-21.23.47:657][  0]LogSourceControl: RunCommandInternalRaw: 'git version'
[2015.04.01-21.23.47:657][  0]LogSourceControl: RunCommandInternalRaw: ExecProcess ReturnCode=2 OutResults=''
[2015.04.01-21.23.47:666][  0]SourceControl: Info Source control is disabled
[2015.04.01-21.23.47:858][  0]LogObj: 24231 objects as part of root set at end of initial load.
[2015.04.01-21.23.47:858][  0]LogUObjectAllocator: 5136440 out of 0 bytes used by permanent object pool.
[2015.04.01-21.23.47:946][  0]LogEngine: Initializing Engine...
[2015.04.01-21.23.50:123][  0]LogInit: XAudio2 using 'Digital Audio (S/PDIF) (4- High Definition Audio Device)' : 2 channels at 44.1 kHz using 16 bits per sample (channel mask 0x3)
[2015.04.01-21.23.50:153][  0]LogInit: FAudioDevice initialized.
[2015.04.01-21.23.50:192][  0]LogAIModule: Creating AISystem for world NewWorld
[2015.04.01-21.23.50:226][  0]LogDerivedDataCache: Saved boot cache 0.03s 39MB C:/Users/u0460100/AppData/Local/UnrealEngine/4.7/DerivedDataCache/Boot.ddc.
[2015.04.01-21.23.50:235][  0]LogInit: Texture streaming: Enabled
[2015.04.01-21.23.50:328][  0]LogAnalytics: Creating configured Analytics provider AnalyticsET
[2015.04.01-21.23.50:328][  0]LogAnalytics: ET APIKey = Rocket.Release. APIServer = http://et2.epicgames.com/ET2/. AppVersion = 4.7.3-2479750+++depot+UE4-Releases+4.7
[2015.04.01-21.23.50:328][  0]LogAnalytics: ET APIKey = Rocket.Release. DataRouterUploadURL = https://datarouter-public-service-gamedev.ol.epicgames.net/datarouter/api/v1/public/data. AppVersion = 4.7.3-2479750+++depot+UE4-Releases+4.7
[2015.04.01-21.23.50:328][  0]LogAnalytics: SetUserId febee0bf46dadaf1ad5e97877101b06c|0dd931e3ddc7435598bf718641c1d7d3|4e36f673-25ed-4d20-b592-0a3012a498f0
[2015.04.01-21.23.50:328][  0]LogAnalytics: AnalyticsET::StartSession [Rocket.Release]
[2015.04.01-21.23.50:352][  0]LogInit: Transaction tracking system initialized
[2015.04.01-21.23.50:526][  0]BlueprintLog: New page: Editor Load
[2015.04.01-21.23.50:561][  0]LogAssetRegistry: FAssetRegistry took 0.0103 seconds to start up
[2015.04.01-21.23.50:561][  0]LogDirectoryWatcher:Warning: Failed to begin reading directory changes for ../../../Engine/Plugins/Experimental/CharacterAI/Content/. Error: 0
[2015.04.01-21.23.51:139][  0]LogTargetPlatformManager:Display: Building Assets For Windows
[2015.04.01-21.23.51:512][  0]LogTargetPlatformManager:Display: Building Assets For Windows
[2015.04.01-21.23.51:771][  0]LogSlate:Warning: Failed to load font data from '../../../Engine/Content/Editor/Slate/Fonts/Roboto-Regular.ttf'
[2015.04.01-21.23.51:771][  0]LogSlate:Warning: Failed to load font data from '../../../Engine/Content/Editor/Slate/Fonts/Roboto-Bold.ttf'
[2015.04.01-21.23.51:818][  0]LogConsoleResponse:Display: 
[2015.04.01-21.23.51:954][  0]LogCook:Display: Done creating registry. It took  0.00s.
[2015.04.01-21.23.52:108][  0]SourceControl: Info Source control is disabled
[2015.04.01-21.23.52:108][  0]Cmd: MAP LOAD FILE="../../../../../../Users/u0460100/Desktop/Duty_Bound/Content/StarterContent/Maps/Minimal_Default.umap" TEMPLATE=0 SHOWPROGRESS=1 FEATURELEVEL=3
[2015.04.01-21.23.52:108][  0]LogEditorServer:Warning: Can't find file '../../../../../../Users/u0460100/Desktop/Duty_Bound/Content/StarterContent/Maps/Minimal_Default.umap'
[2015.04.01-21.23.52:109][  0]Cmd: MAP CHECKDEP
[2015.04.01-21.23.52:109][  0]MapCheck: New page: Untitled_0 - Apr 1, 2015, 9:23:52 AM
[2015.04.01-21.23.52:177][  0]MapCheck: Info Map check complete: 0 Error(s), 0 Warning(s), took 68.34ms to complete.
[2015.04.01-21.23.52:177][  0]LogFileHelpers: Loading map 'Minimal_Default' took 0.069
[2015.04.01-21.23.52:272][  0]LogCollectionManager: Loaded 0 collections in 0.001700 seconds
[2015.04.01-21.23.52:290][  0]LogContentBrowser: Native class hierarchy populated in 0.0172 seconds. Added 1696 classes and 261 folders.
[2015.04.01-21.23.52:390][  0]LogContentBrowser: Native class hierarchy updated for 'SceneOutliner' in 0.0021 seconds. Added 1 classes and 2 folders.
[2015.04.01-21.23.52:456][  0]LogCrashTracker: Crashtracker disabled due to settings.
[2015.04.01-21.23.52:461][  0]LogSlate:Warning: Failed to load font data from 'Veranda'
[2015.04.01-21.23.52:465][  0]LogUObjectGlobals:Warning: Failed to find object 'Class None.'
[2015.04.01-21.23.52:495][  0]LogLoad: Full Startup: 11.81 seconds (BP compile: 0.00 seconds)
[2015.04.01-21.23.52:531][  0]LogContentBrowser:Verbose: The content browser source was changed by the sources view to '/Game/SciFi_Hallway_Elements/Props'
[2015.04.01-21.23.52:724][  0]LogRenderer:Warning: Reallocating scene render targets to support 1160x928 (Frame:2).
[2015.04.01-21.23.53:009][  5]LogAssetRegistry: Asset discovery search completed in 2.4588 seconds
[2015.04.01-21.23.55:833][251]LogContentBrowser:Verbose: The content browser source was changed by the sources view to '/Game/Maps'
[2015.04.01-21.23.57:934][317]Cmd: MAP LOAD FILE="../../../../../../Users/u0460100/Desktop/Duty_Bound/Content/Maps/Cargo_Scene.umap" TEMPLATE=0 SHOWPROGRESS=1 FEATURELEVEL=3
[2015.04.01-21.23.57:934][317]LightingResults: New page: Lighting Build
[2015.04.01-21.23.57:949][317]LogContentBrowser: Native class hierarchy updated for 'StatsViewer' in 0.0022 seconds. Added 5 classes and 0 folders.
[2015.04.01-21.23.57:975][317]LoadErrors: New page: Loading map: Cargo_Scene.umap
[2015.04.01-21.23.57:975][317]MapCheck: New page: Map Check
[2015.04.01-21.23.57:975][317]LightingResults: New page: Lighting Build
[2015.04.01-21.23.57:987][317]LogParticles: Destroying 0 GPU particle simulations for FXSystem 0x0000000011DF8E00
[2015.04.01-21.23.58:005][317]LogEditorServer: Finished looking for orphan Actors (0.000 secs)
[2015.04.01-21.23.58:006][317]LogAIModule: Creating AISystem for world Cargo_Scene
[2015.04.01-21.23.58:036][317]Cmd: MAP CHECKDEP
[2015.04.01-21.23.58:036][317]MapCheck: New page: Cargo_Scene - Apr 1, 2015, 9:23:58 AM
[2015.04.01-21.23.58:111][317]MapCheck: Info Map check complete: 0 Error(s), 0 Warning(s), took 74.389ms to complete.
[2015.04.01-21.23.58:111][317]LogFileHelpers: Loading map 'Cargo_Scene' took 0.178
[2015.04.01-21.24.04:007][597]Cmd: MAP LOAD FILE="../../../../../../Users/u0460100/Desktop/Duty_Bound/Content/Maps/Space_Scene.umap" TEMPLATE=0 SHOWPROGRESS=1 FEATURELEVEL=3
[2015.04.01-21.24.04:008][597]LightingResults: New page: Lighting Build
[2015.04.01-21.24.04:034][597]LoadErrors: New page: Loading map: Space_Scene.umap
[2015.04.01-21.24.04:035][597]MapCheck: New page: Map Check
[2015.04.01-21.24.04:035][597]LightingResults: New page: Lighting Build
[2015.04.01-21.24.04:051][597]LogParticles: Destroying 0 GPU particle simulations for FXSystem 0x000000001CF7CEA0
[2015.04.01-21.24.04:056][597]LogEditorServer: Finished looking for orphan Actors (0.000 secs)
[2015.04.01-21.24.04:057][597]LogAIModule: Creating AISystem for world Space_Scene
[2015.04.01-21.24.04:085][597]Cmd: MAP CHECKDEP
[2015.04.01-21.24.04:085][597]MapCheck: New page: Space_Scene - Apr 1, 2015, 9:24:04 AM
[2015.04.01-21.24.04:159][597]MapCheck: Info Map check complete: 0 Error(s), 0 Warning(s), took 73.909ms to complete.
[2015.04.01-21.24.04:159][597]LogFileHelpers: Loading map 'Space_Scene' took 0.154
[2015.04.01-21.24.07:628][818]Cmd: MAP LOAD FILE="../../../../../../Users/u0460100/Desktop/Duty_Bound/Content/Maps/Cargo_Scene.umap" TEMPLATE=0 SHOWPROGRESS=1 FEATURELEVEL=3
[2015.04.01-21.24.07:628][818]LightingResults: New page: Lighting Build
[2015.04.01-21.24.07:655][818]LoadErrors: New page: Loading map: Cargo_Scene.umap
[2015.04.01-21.24.07:655][818]MapCheck: New page: Map Check
[2015.04.01-21.24.07:655][818]LightingResults: New page: Lighting Build
[2015.04.01-21.24.07:666][818]LogParticles: Destroying 0 GPU particle simulations for FXSystem 0x000000000CC4B9C0
[2015.04.01-21.24.07:685][818]LogEditorServer: Finished looking for orphan Actors (0.000 secs)
[2015.04.01-21.24.07:687][818]LogAIModule: Creating AISystem for world Cargo_Scene
[2015.04.01-21.24.07:718][818]Cmd: MAP CHECKDEP
[2015.04.01-21.24.07:718][818]MapCheck: New page: Cargo_Scene - Apr 1, 2015, 9:24:07 AM
[2015.04.01-21.24.07:792][818]MapCheck: Info Map check complete: 0 Error(s), 0 Warning(s), took 73.797ms to complete.
[2015.04.01-21.24.07:792][818]LogFileHelpers: Loading map 'Cargo_Scene' took 0.165
[2015.04.01-21.24.27:325][ 91]Cmd: TRANSACTION UNDO
[2015.04.01-21.24.27:325][ 91]LogEditorTransaction: Undo Move Actors
[2015.04.01-21.24.37:557][ 91]LogActorComponent: ~FComponentReregisterContext: (/Game/Maps/Cargo_Scene.Cargo_Scene:PersistentLevel.BoxBrush122.BrushComponent0) Component already registered.
[2015.04.01-21.24.37:559][ 91]LogActorComponent: ~FComponentReregisterContext: (/Game/Maps/Cargo_Scene.Cargo_Scene:PersistentLevel.BoxBrush111.BrushComponent0) Component already registered.
[2015.04.01-21.24.37:560][ 91]LogActorComponent: ~FComponentReregisterContext: (/Game/Maps/Cargo_Scene.Cargo_Scene:PersistentLevel.BoxBrush110.BrushComponent0) Component already registered.
[2015.04.01-21.24.37:562][ 91]LogActorComponent: ~FComponentReregisterContext: (/Game/Maps/Cargo_Scene.Cargo_Scene:PersistentLevel.BoxBrush117_92.BrushComponent0) Component already registered.
[2015.04.01-21.24.37:563][ 91]LogActorComponent: ~FComponentReregisterContext: (/Game/Maps/Cargo_Scene.Cargo_Scene:PersistentLevel.BoxBrush116_91.BrushComponent0) Component already registered.
[2015.04.01-21.24.37:576][ 91]LogActorComponent: ~FComponentReregisterContext: (/Game/Maps/Cargo_Scene.Cargo_Scene:PersistentLevel.BoxBrush90.BrushComponent0) Component already registered.
[2015.04.01-21.24.37:579][ 91]LogActorComponent: ~FComponentReregisterContext: (/Game/Maps/Cargo_Scene.Cargo_Scene:PersistentLevel.BoxBrush137.BrushComponent0) Component already registered.
[2015.04.01-21.24.37:601][ 91]LogActorComponent: ~FComponentReregisterContext: (/Game/Maps/Cargo_Scene.Cargo_Scene:PersistentLevel.BoxBrush108.BrushComponent0) Component already registered.
[2015.04.01-21.24.37:602][ 91]LogActorComponent: ~FComponentReregisterContext: (/Game/Maps/Cargo_Scene.Cargo_Scene:PersistentLevel.BoxBrush107.BrushComponent0) Component already registered.
[2015.04.01-21.24.37:605][ 91]LogActorComponent: ~FComponentReregisterContext: (/Game/Maps/Cargo_Scene.Cargo_Scene:PersistentLevel.BoxBrush24.BrushComponent0) Component already registered.
[2015.04.01-21.24.37:607][ 91]LogActorComponent: ~FComponentReregisterContext: (/Game/Maps/Cargo_Scene.Cargo_Scene:PersistentLevel.BoxBrush19.BrushComponent0) Component already registered.
[2015.04.01-21.24.37:608][ 91]LogActorComponent: ~FComponentReregisterContext: (/Game/Maps/Cargo_Scene.Cargo_Scene:PersistentLevel.BoxBrush18.BrushComponent0) Component already registered.
[2015.04.01-21.24.37:610][ 91]LogActorComponent: ~FComponentReregisterContext: (/Game/Maps/Cargo_Scene.Cargo_Scene:PersistentLevel.BoxBrush32.BrushComponent0) Component already registered.
[2015.04.01-21.24.37:611][ 91]LogActorComponent: ~FComponentReregisterContext: (/Game/Maps/Cargo_Scene.Cargo_Scene:PersistentLevel.BoxBrush31.BrushComponent0) Component already registered.
[2015.04.01-21.24.37:873][ 91]LogActorComponent: ~FComponentReregisterContext: (/Game/Maps/Cargo_Scene.Cargo_Scene:PersistentLevel.BoxBrush10.BrushComponent0) Component already registered.
[2015.04.01-21.24.37:874][ 91]LogActorComponent: ~FComponentReregisterContext: (/Game/Maps/Cargo_Scene.Cargo_Scene:PersistentLevel.BoxBrush9.BrushComponent0) Component already registered.
[2015.04.01-21.24.37:875][ 91]LogActorComponent: ~FComponentReregisterContext: (/Game/Maps/Cargo_Scene.Cargo_Scene:PersistentLevel.BoxBrush56.BrushComponent0) Component already registered.
[2015.04.01-21.24.37:897][ 91]LogActorComponent: ~FComponentReregisterContext: (/Game/Maps/Cargo_Scene.Cargo_Scene:PersistentLevel.BoxBrush45.BrushComponent0) Component already registered.
[2015.04.01-21.24.37:897][ 91]LogActorComponent: ~FComponentReregisterContext: (/Game/Maps/Cargo_Scene.Cargo_Scene:PersistentLevel.BoxBrush44.BrushComponent0) Component already registered.
[2015.04.01-21.24.37:901][ 91]LogActorComponent: ~FComponentReregisterContext: (/Game/Maps/Cargo_Scene.Cargo_Scene:PersistentLevel.BoxBrush231.BrushComponent0) Component already registered.
[2015.04.01-21.24.37:903][ 91]LogActorComponent: ~FComponentReregisterContext: (/Game/Maps/Cargo_Scene.Cargo_Scene:PersistentLevel.BoxBrush226.BrushComponent0) Component already registered.
[2015.04.01-21.24.37:903][ 91]LogActorComponent: ~FComponentReregisterContext: (/Game/Maps/Cargo_Scene.Cargo_Scene:PersistentLevel.BoxBrush225.BrushComponent0) Component already registered.
[2015.04.01-21.24.37:905][ 91]LogActorComponent: ~FComponentReregisterContext: (/Game/Maps/Cargo_Scene.Cargo_Scene:PersistentLevel.BoxBrush239.BrushComponent0) Component already registered.
[2015.04.01-21.24.37:906][ 91]LogActorComponent: ~FComponentReregisterContext: (/Game/Maps/Cargo_Scene.Cargo_Scene:PersistentLevel.BoxBrush238.BrushComponent0) Component already registered.
[2015.04.01-21.24.37:918][ 91]LogActorComponent: ~FComponentReregisterContext: (/Game/Maps/Cargo_Scene.Cargo_Scene:PersistentLevel.BoxBrush216.BrushComponent0) Component already registered.
[2015.04.01-21.24.37:921][ 91]LogActorComponent: ~FComponentReregisterContext: (/Game/Maps/Cargo_Scene.Cargo_Scene:PersistentLevel.BoxBrush263.BrushComponent0) Component already registered.
[2015.04.01-21.24.37:956][ 91]LogActorComponent: ~FComponentReregisterContext: (/Game/Maps/Cargo_Scene.Cargo_Scene:PersistentLevel.BoxBrush252.BrushComponent0) Component already registered.
[2015.04.01-21.24.37:957][ 91]LogActorComponent: ~FComponentReregisterContext: (/Game/Maps/Cargo_Scene.Cargo_Scene:PersistentLevel.BoxBrush251.BrushComponent0) Component already registered.
[2015.04.01-21.24.37:960][ 91]LogActorComponent: ~FComponentReregisterContext: (/Game/Maps/Cargo_Scene.Cargo_Scene:PersistentLevel.BoxBrush156.BrushComponent0) Component already registered.
[2015.04.01-21.24.37:962][ 91]LogActorComponent: ~FComponentReregisterContext: (/Game/Maps/Cargo_Scene.Cargo_Scene:PersistentLevel.BoxBrush161_100.BrushComponent0) Component already registered.
[2015.04.01-21.24.37:963][ 91]LogActorComponent: ~FComponentReregisterContext: (/Game/Maps/Cargo_Scene.Cargo_Scene:PersistentLevel.BoxBrush160.BrushComponent0) Component already registered.
[2015.04.01-21.24.37:965][ 91]LogActorComponent: ~FComponentReregisterContext: (/Game/Maps/Cargo_Scene.Cargo_Scene:PersistentLevel.BoxBrush182.BrushComponent0) Component already registered.
[2015.04.01-21.24.37:966][ 91]LogActorComponent: ~FComponentReregisterContext: (/Game/Maps/Cargo_Scene.Cargo_Scene:PersistentLevel.BoxBrush181.BrushComponent0) Component already registered.
[2015.04.01-21.24.37:978][ 91]LogActorComponent: ~FComponentReregisterContext: (/Game/Maps/Cargo_Scene.Cargo_Scene:PersistentLevel.BoxBrush150.BrushComponent0) Component already registered.
[2015.04.01-21.24.37:981][ 91]LogActorComponent: ~FComponentReregisterContext: (/Game/Maps/Cargo_Scene.Cargo_Scene:PersistentLevel.BoxBrush194.BrushComponent0) Component already registered.
[2015.04.01-21.24.38:003][ 91]LogActorComponent: ~FComponentReregisterContext: (/Game/Maps/Cargo_Scene.Cargo_Scene:PersistentLevel.BoxBrush183.BrushComponent0) Component already registered.
[2015.04.01-21.24.38:004][ 91]LogActorComponent: ~FComponentReregisterContext: (/Game/Maps/Cargo_Scene.Cargo_Scene:PersistentLevel.BoxBrush180.BrushComponent0) Component already registered.
[2015.04.01-21.24.41:206][ 92]Cmd: QUIT_EDITOR
[2015.04.01-21.24.41:426][ 92]LogExit: Preparing to exit.
[2015.04.01-21.24.42:533][ 92]LogParticles: Destroying 0 GPU particle simulations for FXSystem 0x000000001CF7F740
[2015.04.01-21.24.42:541][ 92]LogExit: Editor shut down
[2015.04.01-21.24.42:542][ 92]LogParticles: Destroying 0 GPU particle simulations for FXSystem 0x000000001CF7DB20
[2015.04.01-21.24.42:542][ 92]LogExit: Transaction tracking system shut down
[2015.04.01-21.24.42:542][ 92]LogParticles: Destroying 0 GPU particle simulations for FXSystem 0x000000000CCD5F80
[2015.04.01-21.24.42:555][ 92]LogParticles: Destroying 0 GPU particle simulations for FXSystem 0x000000000CCD47C0
[2015.04.01-21.24.42:599][ 92]LogExit: Object subsystem successfully closed.
[2015.04.01-21.24.42:643][ 92]LogModuleManager: Shutting down and abandoning module StatsViewer (177)
[2015.04.01-21.24.42:643][ 92]LogModuleManager: Shutting down and abandoning module CrashTracker (176)
[2015.04.01-21.24.42:643][ 92]LogModuleManager: Shutting down and abandoning module SuperSearch (175)
[2015.04.01-21.24.42:643][ 92]LogModuleManager: Shutting down and abandoning module SceneOutliner (174)
[2015.04.01-21.24.42:643][ 92]LogModuleManager: Shutting down and abandoning module EditorWidgets (173)
[2015.04.01-21.24.42:643][ 92]LogModuleManager: Shutting down and abandoning module CollectionManager (172)
[2015.04.01-21.24.42:645][ 92]LogModuleManager: Shutting down and abandoning module FoliageEdit (171)
[2015.04.01-21.24.42:645][ 92]LogModuleManager: Shutting down and abandoning module LandscapeEditor (170)
[2015.04.01-21.24.42:645][ 92]LogModuleManager: Shutting down and abandoning module MeshPaint (169)
[2015.04.01-21.24.42:645][ 92]LogModuleManager: Shutting down and abandoning module ActorPickerMode (168)
[2015.04.01-21.24.42:645][ 92]LogModuleManager: Shutting down and abandoning module GeometryMode (167)
[2015.04.01-21.24.42:645][ 92]LogModuleManager: Shutting down and abandoning module TextureAlignMode (166)
[2015.04.01-21.24.42:645][ 92]LogModuleManager: Shutting down and abandoning module BspMode (165)
[2015.04.01-21.24.42:645][ 92]LogModuleManager: Shutting down and abandoning module PlacementMode (164)
[2015.04.01-21.24.42:645][ 92]LogModuleManager: Shutting down and abandoning module AutomationWorker (163)
[2015.04.01-21.24.42:645][ 92]LogModuleManager: Shutting down and abandoning module CharacterAI (162)
[2015.04.01-21.24.42:645][ 92]LogModuleManager: Shutting down and abandoning module SmartSnapping (161)
[2015.04.01-21.24.42:645][ 92]LogModuleManager: Shutting down and abandoning module ViewportSnapping (160)
[2015.04.01-21.24.42:645][ 92]LogModuleManager: Shutting down and abandoning module LogVisualizer (159)
[2015.04.01-21.24.42:646][ 92]LogModuleManager: Shutting down and abandoning module GameProjectGeneration (158)
[2015.04.01-21.24.42:646][ 92]LogModuleManager: Shutting down and abandoning module IntroTutorials (157)
[2015.04.01-21.24.42:646][ 92]LogModuleManager: Shutting down and abandoning module EditorLiveStreaming (156)
[2015.04.01-21.24.42:646][ 92]LogModuleManager: Shutting down and abandoning module HardwareTargeting (155)
[2015.04.01-21.24.42:646][ 92]LogModuleManager: Shutting down and abandoning module DeviceProfileEditor (154)
[2015.04.01-21.24.42:646][ 92]LogModuleManager: Shutting down and abandoning module UndoHistory (153)
[2015.04.01-21.24.42:646][ 92]LogModuleManager: Shutting down and abandoning module GameplayTagsEditor (152)
[2015.04.01-21.24.42:646][ 92]LogModuleManager: Shutting down and abandoning module UserFeedback (151)
[2015.04.01-21.24.42:646][ 92]LogModuleManager: Shutting down and abandoning module XmlParser (150)
[2015.04.01-21.24.42:646][ 92]LogModuleManager: Shutting down and abandoning module Blutility (149)
[2015.04.01-21.24.42:646][ 92]LogModuleManager: Shutting down and abandoning module IOSPlatformEditor (148)
[2015.04.01-21.24.42:646][ 92]LogModuleManager: Shutting down and abandoning module IOSRuntimeSettings (147)
[2015.04.01-21.24.42:646][ 92]LogModuleManager: Shutting down and abandoning module AndroidDeviceDetection (146)
[2015.04.01-21.24.43:590][ 92]LogModuleManager: Shutting down and abandoning module AndroidPlatformEditor (145)
[2015.04.01-21.24.43:590][ 92]LogModuleManager: Shutting down and abandoning module AndroidRuntimeSettings (144)
[2015.04.01-21.24.43:590][ 92]LogModuleManager: Shutting down and abandoning module ProjectTargetPlatformEditor (143)
[2015.04.01-21.24.43:590][ 92]LogModuleManager: Shutting down and abandoning module ProjectSettingsViewer (142)
[2015.04.01-21.24.43:590][ 92]LogModuleManager: Shutting down and abandoning module InputBindingEditor (141)
[2015.04.01-21.24.43:590][ 92]LogModuleManager: Shutting down and abandoning module EditorSettingsViewer (140)
[2015.04.01-21.24.43:590][ 92]LogModuleManager: Shutting down and abandoning module SettingsEditor (139)
[2015.04.01-21.24.43:590][ 92]LogModuleManager: Shutting down and abandoning module ProjectLauncher (138)
[2015.04.01-21.24.43:590][ 92]LogModuleManager: Shutting down and abandoning module SessionFrontend (137)
[2015.04.01-21.24.43:590][ 92]LogModuleManager: Shutting down and abandoning module ProfilerClient (136)
[2015.04.01-21.24.43:590][ 92]LogModuleManager: Shutting down and abandoning module TargetDeviceServices (135)
[2015.04.01-21.24.43:590][ 92]LogModuleManager: Shutting down and abandoning module DeviceManager (134)
[2015.04.01-21.24.43:590][ 92]LogModuleManager: Shutting down and abandoning module AutomationController (133)
[2015.04.01-21.24.43:590][ 92]LogModuleManager: Shutting down and abandoning module AutomationWindow (132)
[2015.04.01-21.24.43:590][ 92]LogModuleManager: Shutting down and abandoning module Layers (131)
[2015.04.01-21.24.43:590][ 92]LogModuleManager: Shutting down and abandoning module ComponentVisualizers (130)
[2015.04.01-21.24.43:590][ 92]LogModuleManager: Shutting down and abandoning module DetailCustomizations (129)
[2015.04.01-21.24.43:590][ 92]LogModuleManager: Shutting down and abandoning module PackagesDialog (128)
[2015.04.01-21.24.43:591][ 92]LogModuleManager: Shutting down and abandoning module AssetRegistry (127)
[2015.04.01-21.24.43:618][ 92]LogModuleManager: Shutting down and abandoning module Persona (126)
[2015.04.01-21.24.43:618][ 92]LogModuleManager: Shutting down and abandoning module SlateReflector (125)
[2015.04.01-21.24.43:618][ 92]LogModuleManager: Shutting down and abandoning module LevelEditor (124)
[2015.04.01-21.24.43:619][ 92]LogModuleManager: Shutting down and abandoning module Kismet (123)
[2015.04.01-21.24.43:619][ 92]LogModuleManager: Shutting down and abandoning module GraphEditor (122)
[2015.04.01-21.24.43:619][ 92]LogModuleManager: Shutting down and abandoning module ClassViewer (121)
[2015.04.01-21.24.43:619][ 92]LogModuleManager: Shutting down and abandoning module Toolbox (120)
[2015.04.01-21.24.43:619][ 92]LogModuleManager: Shutting down and abandoning module ModuleUI (119)
[2015.04.01-21.24.43:619][ 92]LogModuleManager: Shutting down and abandoning module MovieSceneTools (118)
[2015.04.01-21.24.43:619][ 92]LogModuleManager: Shutting down and abandoning module OutputLog (117)
[2015.04.01-21.24.43:619][ 92]LogModuleManager: Shutting down and abandoning module GammaUI (116)
[2015.04.01-21.24.43:619][ 92]LogModuleManager: Shutting down and abandoning module Documentation (115)
[2015.04.01-21.24.43:619][ 92]LogModuleManager: Shutting down and abandoning module GameLiveStreaming (114)
[2015.04.01-21.24.43:619][ 92]LogModuleManager: Shutting down and abandoning module StreamingPauseRendering (113)
[2015.04.01-21.24.43:619][ 92]LogModuleManager: Shutting down and abandoning module HTTP (112)
[2015.04.01-21.24.43:620][ 92]LogModuleManager: Shutting down and abandoning module AnalyticsET (111)
[2015.04.01-21.24.43:620][ 92]LogModuleManager: Shutting down and abandoning module Analytics (110)
[2015.04.01-21.24.43:620][ 92]LogModuleManager: Shutting down and abandoning module AITestSuite (109)
[2015.04.01-21.24.43:620][ 92]LogModuleManager: Shutting down and abandoning module GameplayDebugger (108)
[2015.04.01-21.24.43:620][ 92]LogModuleManager: Shutting down and abandoning module AIModule (107)
[2015.04.01-21.24.43:620][ 92]LogModuleManager: Shutting down and abandoning module ProfilerService (106)
[2015.04.01-21.24.43:637][ 92]LogModuleManager: Shutting down and abandoning module TaskGraph (105)
[2015.04.01-21.24.43:637][ 92]LogModuleManager: Shutting down and abandoning module SlateRemote (104)
[2015.04.01-21.24.43:637][ 92]LogModuleManager: Shutting down and abandoning module ScriptEditorPlugin (103)
[2015.04.01-21.24.43:637][ 92]LogModuleManager: Shutting down and abandoning module CustomMeshComponent (102)
[2015.04.01-21.24.43:637][ 92]LogModuleManager: Shutting down and abandoning module CableComponent (101)
[2015.04.01-21.24.43:637][ 92]LogModuleManager: Shutting down and abandoning module MessagingDebugger (100)
[2015.04.01-21.24.43:637][ 92]LogModuleManager: Shutting down and abandoning module MediaPlayerEditor (99)
[2015.04.01-21.24.43:637][ 92]LogModuleManager: Shutting down and abandoning module SpeedTreeImporter (98)
[2015.04.01-21.24.43:637][ 92]LogModuleManager: Shutting down and abandoning module PluginsEditor (97)
[2015.04.01-21.24.43:637][ 92]LogModuleManager: Shutting down and abandoning module MainFrame (96)
[2015.04.01-21.24.43:637][ 92]LogModuleManager: Shutting down and abandoning module EpicSurvey (95)
[2015.04.01-21.24.43:637][ 92]LogModuleManager: Shutting down and abandoning module DesktopPlatform (94)
[2015.04.01-21.24.43:637][ 92]LogModuleManager: Shutting down and abandoning module DirectoryWatcher (93)
[2015.04.01-21.24.43:637][ 92]LogModuleManager: Shutting down and abandoning module HotReload (92)
[2015.04.01-21.24.43:637][ 92]LogModuleManager: Shutting down and abandoning module VisualStudioSourceCodeAccess (91)
[2015.04.01-21.24.43:637][ 92]LogModuleManager: Shutting down and abandoning module UObjectPlugin (90)
[2015.04.01-21.24.43:637][ 92]LogModuleManager: Shutting down and abandoning module SubversionSourceControl (89)
[2015.04.01-21.24.43:637][ 92]LogModuleManager: Shutting down and abandoning module PerforceSourceControl (88)
[2015.04.01-21.24.43:637][ 92]LogModuleManager: Shutting down and abandoning module SourceControl (87)
[2015.04.01-21.24.43:637][ 92]LogModuleManager: Shutting down and abandoning module GitSourceControl (86)
[2015.04.01-21.24.43:637][ 92]LogModuleManager: Shutting down and abandoning module BlankPlugin (85)
[2015.04.01-21.24.43:637][ 92]LogModuleManager: Shutting down and abandoning module PaperTiledImporter (84)
[2015.04.01-21.24.43:637][ 92]LogModuleManager: Shutting down and abandoning module PaperJsonImporter (83)
[2015.04.01-21.24.43:637][ 92]LogModuleManager: Shutting down and abandoning module ContentBrowser (82)
[2015.04.01-21.24.43:638][ 92]LogModuleManager: Shutting down and abandoning module Paper2DEditor (81)
[2015.04.01-21.24.43:638][ 92]LogModuleManager: Shutting down and abandoning module ScriptPlugin (80)
[2015.04.01-21.24.43:638][ 92]LogModuleManager: Shutting down and abandoning module UdpMessaging (79)
[2015.04.01-21.24.43:738][ 92]LogModuleManager: Shutting down and abandoning module Paper2D (78)
[2015.04.01-21.24.43:738][ 92]LogModuleManager: Shutting down and abandoning module WindowsMoviePlayer (77)
[2015.04.01-21.24.43:740][ 92]LogModuleManager: Shutting down and abandoning module Media (76)
[2015.04.01-21.24.43:740][ 92]LogModuleManager: Shutting down and abandoning module WmfMedia (75)
[2015.04.01-21.24.43:740][ 92]LogModuleManager: Shutting down and abandoning module OnlineBlueprintSupport (74)
[2015.04.01-21.24.43:740][ 92]LogModuleManager: Shutting down and abandoning module PropertyEditor (73)
[2015.04.01-21.24.43:740][ 92]LogModuleManager: Shutting down and abandoning module BehaviorTreeEditor (72)
[2015.04.01-21.24.43:740][ 92]LogModuleManager: Shutting down and abandoning module FunctionalTesting (71)
[2015.04.01-21.24.43:740][ 92]LogModuleManager: Shutting down and abandoning module CollisionAnalyzer (70)
[2015.04.01-21.24.43:740][ 92]LogModuleManager: Shutting down and abandoning module WorkspaceMenuStructure (69)
[2015.04.01-21.24.43:740][ 92]LogModuleManager: Shutting down and abandoning module MessageLog (68)
[2015.04.01-21.24.43:740][ 92]LogModuleManager: Shutting down and abandoning module Sequencer (67)
[2015.04.01-21.24.43:740][ 92]LogModuleManager: Shutting down and abandoning module AssetTools (66)
[2015.04.01-21.24.43:741][ 92]LogModuleManager: Shutting down and abandoning module UMGEditor (65)
[2015.04.01-21.24.43:741][ 92]LogModuleManager: Shutting down and abandoning module UMG (64)
[2015.04.01-21.24.43:741][ 92]LogModuleManager: Shutting down and abandoning module Slate (63)
[2015.04.01-21.24.43:741][ 92]LogModuleManager: Shutting down and abandoning module EditorStyle (62)
[2015.04.01-21.24.43:745][ 92]LogModuleManager: Shutting down and abandoning module SessionServices (61)
[2015.04.01-21.24.43:745][ 92]LogModuleManager: Shutting down and abandoning module SourceCodeAccess (60)
[2015.04.01-21.24.43:745][ 92]LogModuleManager: Shutting down and abandoning module HeadMountedDisplay (59)
[2015.04.01-21.24.43:745][ 92]LogModuleManager: Shutting down and abandoning module XAudio2 (58)
[2015.04.01-21.24.43:745][ 92]LogModuleManager: Shutting down and abandoning module Networking (56)
[2015.04.01-21.24.43:745][ 92]LogModuleManager: Shutting down and abandoning module Core (55)
[2015.04.01-21.24.43:745][ 92]LogModuleManager: Shutting down and abandoning module KismetCompiler (54)
[2015.04.01-21.24.43:745][ 92]LogModuleManager: Shutting down and abandoning module PhysXFormats (53)
[2015.04.01-21.24.43:745][ 92]LogModuleManager: Shutting down and abandoning module MeshUtilities (52)
[2015.04.01-21.24.43:745][ 92]LogModuleManager: Shutting down and abandoning module DerivedDataCache (51)
[2015.04.01-21.24.43:806][ 92]LogDerivedDataCache: Shutdown
[2015.04.01-21.24.43:806][ 92]LogModuleManager: Shutting down and abandoning module ShaderFormatOpenGL (50)
[2015.04.01-21.24.43:806][ 92]LogModuleManager: Shutting down and abandoning module ShaderFormatD3D (49)
[2015.04.01-21.24.43:806][ 92]LogModuleManager: Shutting down and abandoning module MetalShaderFormat (48)
[2015.04.01-21.24.43:806][ 92]LogModuleManager: Shutting down and abandoning module TextureFormatUncompressed (47)
[2015.04.01-21.24.43:806][ 92]LogModuleManager: Shutting down and abandoning module TextureFormatPVR (46)
[2015.04.01-21.24.43:806][ 92]LogModuleManager: Shutting down and abandoning module TextureFormatIntelISPCTexComp (45)
[2015.04.01-21.24.43:806][ 92]LogModuleManager: Shutting down and abandoning module TextureFormatDXT (44)
[2015.04.01-21.24.43:806][ 92]LogModuleManager: Shutting down and abandoning module ImageWrapper (43)
[2015.04.01-21.24.43:806][ 92]LogModuleManager: Shutting down and abandoning module TextureFormatASTC (42)
[2015.04.01-21.24.43:806][ 92]LogModuleManager: Shutting down and abandoning module TextureFormatAndroid (41)
[2015.04.01-21.24.43:806][ 92]LogModuleManager: Shutting down and abandoning module AudioFormatOpus (40)
[2015.04.01-21.24.43:806][ 92]LogModuleManager: Shutting down and abandoning module AudioFormatOgg (39)
[2015.04.01-21.24.43:806][ 92]LogModuleManager: Shutting down and abandoning module AudioFormatADPCM (38)
[2015.04.01-21.24.43:806][ 92]LogModuleManager: Shutting down and abandoning module LinuxTargetPlatform (37)
[2015.04.01-21.24.43:806][ 92]LogModuleManager: Shutting down and abandoning module LinuxServerTargetPlatform (36)
[2015.04.01-21.24.43:806][ 92]LogModuleManager: Shutting down and abandoning module LinuxNoEditorTargetPlatform (35)
[2015.04.01-21.24.43:806][ 92]LogModuleManager: Shutting down and abandoning module Messaging (34)
[2015.04.01-21.24.43:806][ 92]LogModuleManager: Shutting down and abandoning module IOSTargetPlatform (33)
[2015.04.01-21.24.43:806][ 92]LogModuleManager: Shutting down and abandoning module HTML5TargetPlatform (32)
[2015.04.01-21.24.43:806][ 92]LogModuleManager: Shutting down and abandoning module Android_PVRTCTargetPlatform (31)
[2015.04.01-21.24.43:807][ 92]LogModuleManager: Shutting down and abandoning module Android_ETC2TargetPlatform (30)
[2015.04.01-21.24.43:807][ 92]LogModuleManager: Shutting down and abandoning module Android_ETC1TargetPlatform (29)
[2015.04.01-21.24.43:807][ 92]LogModuleManager: Shutting down and abandoning module Android_ES31TargetPlatform (28)
[2015.04.01-21.24.43:807][ 92]LogModuleManager: Shutting down and abandoning module Android_DXTTargetPlatform (27)
[2015.04.01-21.24.43:807][ 92]LogModuleManager: Shutting down and abandoning module Android_ATCTargetPlatform (26)
[2015.04.01-21.24.43:807][ 92]LogModuleManager: Shutting down and abandoning module AndroidTargetPlatform (25)
[2015.04.01-21.24.43:807][ 92]LogModuleManager: Shutting down and abandoning module WindowsTargetPlatform (24)
[2015.04.01-21.24.43:807][ 92]LogModuleManager: Shutting down and abandoning module WindowsServerTargetPlatform (23)
[2015.04.01-21.24.43:807][ 92]LogModuleManager: Shutting down and abandoning module WindowsNoEditorTargetPlatform (22)
[2015.04.01-21.24.43:807][ 92]LogModuleManager: Shutting down and abandoning module WindowsClientTargetPlatform (21)
[2015.04.01-21.24.43:807][ 92]LogModuleManager: Shutting down and abandoning module TargetPlatform (20)
[2015.04.01-21.24.43:807][ 92]LogModuleManager: Shutting down and abandoning module InputCore (19)
[2015.04.01-21.24.43:807][ 92]LogModuleManager: Shutting down and abandoning module Settings (18)
[2015.04.01-21.24.43:807][ 92]LogModuleManager: Shutting down and abandoning module OnlineSubsystem (16)
[2015.04.01-21.24.43:807][ 92]LogModuleManager: Shutting down and abandoning module OculusRift (15)
[2015.04.01-21.24.43:807][ 92]LogModuleManager: Shutting down and abandoning module ExampleDeviceProfileSelector (14)
[2015.04.01-21.24.43:807][ 92]LogModuleManager: Shutting down and abandoning module TextureCompressor (13)
[2015.04.01-21.24.43:807][ 92]LogModuleManager: Shutting down and abandoning module ShaderCore (12)
[2015.04.01-21.24.43:807][ 92]LogModuleManager: Shutting down and abandoning module Landscape (11)
[2015.04.01-21.24.43:807][ 92]LogModuleManager: Shutting down and abandoning module SlateRHIRenderer (10)
[2015.04.01-21.24.43:809][ 92]LogModuleManager: Shutting down and abandoning module OpenGLDrv (9)
[2015.04.01-21.24.43:809][ 92]LogModuleManager: Shutting down and abandoning module D3D11RHI (8)
[2015.04.01-21.24.43:809][ 92]LogModuleManager: Shutting down and abandoning module Renderer (7)
[2015.04.01-21.24.43:809][ 92]LogModuleManager: Shutting down and abandoning module Engine (6)
[2015.04.01-21.24.43:809][ 92]LogModuleManager: Shutting down and abandoning module CoreUObject (5)
[2015.04.01-21.24.43:809][ 92]LogModuleManager: Shutting down and abandoning module NetworkFile (4)
[2015.04.01-21.24.43:809][ 92]LogModuleManager: Shutting down and abandoning module StreamingFile (3)
[2015.04.01-21.24.43:809][ 92]LogModuleManager: Shutting down and abandoning module SandboxFile (2)
[2015.04.01-21.24.43:809][ 92]LogModuleManager: Shutting down and abandoning module PakFile (1)
[2015.04.01-21.24.43:809][ 92]LogExit: Exiting.
[2015.04.01-21.24.43:814][ 92]Log file closed, 04/01/15 15:24:43
